#
# A fatal error has been detected by the Java Runtime Environment:
#
#  EXCEPTION_ACCESS_VIOLATION (0xc0000005) at pc=0x000007febc9c26bf, pid=6596, tid=8048
#
# JRE version: Java(TM) SE Runtime Environment 18.9 (11.0.11+9) (build 11.0.11+9-LTS-194)
# Java VM: Java HotSpot(TM) 64-Bit Server VM 18.9 (11.0.11+9-LTS-194, mixed mode, tiered, compressed oops, g1 gc, windows-amd64)
# Problematic frame:
# V  [jvm.dll+0x2126bf]
#
# No core dump will be written. Minidumps are not enabled by default on client versions of Windows
#
# If you would like to submit a bug report, please visit:
#   https://bugreport.java.com/bugreport/crash.jsp
#

---------------  S U M M A R Y ------------

Command Line: -Xverify:none -XX:TieredStopAtLevel=1 com.api.ApiApplication

Host: Intel(R) Core(TM) i5-3330 CPU @ 3.00GHz, 4 cores, 3G,  Windows 7 , 64 bit Build 7601 (6.1.7601.18409)
Time: Tue Sep 21 16:10:19 2021 Hora oficial do Brasil elapsed time: 257.714050 seconds (0d 0h 4m 17s)

---------------  T H R E A D  ---------------

Current thread (0x0000000061853800):  GCTaskThread "GC Thread#3" [stack: 0x0000000062690000,0x0000000062790000] [id=8048]

Stack: [0x0000000062690000,0x0000000062790000],  sp=0x000000006278f4a0,  free space=1021k
Native frames: (J=compiled Java code, j=interpreted, Vv=VM code, C=native code)
V  [jvm.dll+0x2126bf]
V  [jvm.dll+0x212caf]
V  [jvm.dll+0x2d9f49]
V  [jvm.dll+0x2d97f5]
V  [jvm.dll+0x77a9d0]
V  [jvm.dll+0x70dfc4]
V  [jvm.dll+0x6160f6]
C  [ucrtbase.DLL+0x1d912]
C  [kernel32.dll+0x159ed]
C  [ntdll.dll+0x2c541]


siginfo: EXCEPTION_ACCESS_VIOLATION (0xc0000005), reading address 0x0000000000000019


Register to memory mapping:

RIP=0x000007febc9c26bf jvm.dll
RAX=0x0000000000000011 is an unknown value
RBX=0x0000000000000001 is an unknown value
RCX=0x0 is NULL
RDX=0x000000000b5411f5 is at entry_point+53 in (nmethod*)0x000000000b541010
RSP=0x000000006278f4a0 points into unknown readable memory: e0 11 54 0b 00 00 00 00
RBP=0x0000000061825c00 points into unknown readable memory: 70 b3 7d 61 00 00 00 00
RSI=0x00000000608fdaa0 points into unknown readable memory: c0 da 8f 60 00 00 00 00
RDI=0x000000006182eb50 points into unknown readable memory: 78 f5 56 1f 00 00 00 00
R8 =0x0 is NULL
R9 =0x0000000000250000 points into unknown readable memory: 00 01 02 03 00 01 02 03
R10=0x000000000aca0000 points into unknown readable memory: 04 00 00 00 00 00 00 00
R11=0x0 is NULL
R12=0x0 is NULL
R13=0x0000000000000001 is an unknown value
R14=0x000000000b541010 is at entry_point+-432 in (nmethod*)0x000000000b541010
R15=0x000000000000f000 is an unknown value


Registers:
RAX=0x0000000000000011, RBX=0x0000000000000001, RCX=0x0000000000000000, RDX=0x000000000b5411f5
RSP=0x000000006278f4a0, RBP=0x0000000061825c00, RSI=0x00000000608fdaa0, RDI=0x000000006182eb50
R8 =0x0000000000000000, R9 =0x0000000000250000, R10=0x000000000aca0000, R11=0x0000000000000000
R12=0x0000000000000000, R13=0x0000000000000001, R14=0x000000000b541010, R15=0x000000000000f000
RIP=0x000007febc9c26bf, EFLAGS=0x0000000000010202

Top of Stack: (sp=0x000000006278f4a0)
0x000000006278f4a0:   000000000b5411e0 0000000000000001
0x000000006278f4b0:   0000000000000001 0000000000000000
0x000000006278f4c0:   0000000061825cb0 00000000000003d8
0x000000006278f4d0:   00000000608fdaa0 00000000608fde78
0x000000006278f4e0:   0000000000000000 000000000b54117c
0x000000006278f4f0:   000000000b5411a8 000000000b541010
0x000000006278f500:   000000000b5411ff 000000000b54000a
0x000000006278f510:   000000006278f508 000000000b010001
0x000000006278f520:   000000000b5411c0 000000000b5411c0
0x000000006278f530:   000000000b541260 000000000b5411c0
0x000000006278f540:   000000000b541260 000000000b5412a8
0x000000006278f550:   000007febcfefec0 000000006278f4e0
0x000000006278f560:   000000000b5411f5 0000000000000000
0x000000006278f570:   000007febcf304b0 0000000000000000
0x000000006278f580:   0000000000000001 00000000608fda90
0x000000006278f590:   00000000608fde78 00000000608fdaa0 

Instructions: (pc=0x000007febc9c26bf)
0x000007febc9c269f:   ff 48 8b ce 0f b6 d8 e8 95 e2 ff ff 48 8b f8 84
0x000007febc9c26af:   db 74 28 80 7f 18 00 48 8b 00 74 0c 48 8b 40 08
0x000007febc9c26bf:   48 8b 48 08 48 8b 41 18 48 8b 80 98 00 00 00 80
0x000007febc9c26cf:   78 20 00 75 65 48 8b 47 08 eb 3a 48 85 ff 74 5a 


Stack slot to memory mapping:
stack at sp + 0 slots: 0x000000000b5411e0 is at entry_point+32 in (nmethod*)0x000000000b541010
stack at sp + 1 slots: 0x0000000000000001 is an unknown value
stack at sp + 2 slots: 0x0000000000000001 is an unknown value
stack at sp + 3 slots: 0x0 is NULL
stack at sp + 4 slots: 0x0000000061825cb0 points into unknown readable memory: 02 00 00 00 00 00 00 00
stack at sp + 5 slots: 0x00000000000003d8 is an unknown value
stack at sp + 6 slots: 0x00000000608fdaa0 points into unknown readable memory: c0 da 8f 60 00 00 00 00
stack at sp + 7 slots: 0x00000000608fde78 points into unknown readable memory: e8 4a 51 2b f8 00 00 88


---------------  P R O C E S S  ---------------

Threads class SMR info:
_java_thread_list=0x0000000066d20490, length=23, elements={
0x000000005fe31800, 0x000000005fe3c800, 0x000000005fe4d800, 0x000000005fe54000,
0x000000005fe55000, 0x000000005fe6f800, 0x00000000608b8800, 0x0000000060901000,
0x000000006404f000, 0x000000006656f000, 0x0000000066571800, 0x0000000063402000,
0x0000000066572800, 0x0000000066574000, 0x0000000066570000, 0x0000000066573000,
0x0000000066575000, 0x0000000066570800, 0x000000006656e800, 0x0000000063400800,
0x00000000633ff800, 0x0000000063402800, 0x0000000063403800
}

Java Threads: ( => current thread )
  0x000000005fe31800 JavaThread "Reference Handler" daemon [_thread_blocked, id=8112, stack(0x000000001f120000,0x000000001f220000)]
  0x000000005fe3c800 JavaThread "Finalizer" daemon [_thread_blocked, id=6520, stack(0x0000000060140000,0x0000000060240000)]
  0x000000005fe4d800 JavaThread "Signal Dispatcher" daemon [_thread_blocked, id=7932, stack(0x0000000060420000,0x0000000060520000)]
  0x000000005fe54000 JavaThread "Attach Listener" daemon [_thread_blocked, id=8552, stack(0x00000000605d0000,0x00000000606d0000)]
  0x000000005fe55000 JavaThread "C1 CompilerThread0" daemon [_thread_blocked, id=4072, stack(0x0000000060780000,0x0000000060880000)]
  0x000000005fe6f800 JavaThread "Sweeper thread" daemon [_thread_blocked, id=1444, stack(0x00000000602e0000,0x00000000603e0000)]
  0x00000000608b8800 JavaThread "Service Thread" daemon [_thread_blocked, id=8020, stack(0x0000000060e40000,0x0000000060f40000)]
  0x0000000060901000 JavaThread "Common-Cleaner" daemon [_thread_blocked, id=6884, stack(0x0000000061180000,0x0000000061280000)]
  0x000000006404f000 JavaThread "Live Reload Server" daemon [_thread_in_native, id=4932, stack(0x0000000067840000,0x0000000067940000)]
  0x000000006656f000 JavaThread "DestroyJavaVM" [_thread_blocked, id=5772, stack(0x00000000022c0000,0x00000000023c0000)]
  0x0000000066571800 JavaThread "File Watcher" daemon [_thread_blocked, id=7748, stack(0x0000000061f20000,0x0000000062020000)]
  0x0000000063402000 JavaThread "Thread-50" [_thread_blocked, id=2576, stack(0x0000000068750000,0x0000000068850000)]
  0x0000000066572800 JavaThread "File Watcher" daemon [_thread_blocked, id=3488, stack(0x0000000062890000,0x0000000062990000)]
  0x0000000066574000 JavaThread "File Watcher" daemon [_thread_blocked, id=3568, stack(0x0000000064ba0000,0x0000000064ca0000)]
  0x0000000066570000 JavaThread "File Watcher" daemon [_thread_blocked, id=8420, stack(0x0000000061dd0000,0x0000000061ed0000)]
  0x0000000066573000 JavaThread "File Watcher" daemon [_thread_blocked, id=7064, stack(0x0000000065560000,0x0000000065660000)]
  0x0000000066575000 JavaThread "File Watcher" daemon [_thread_blocked, id=9172, stack(0x0000000067950000,0x0000000067a50000)]
  0x0000000066570800 JavaThread "File Watcher" daemon [_thread_blocked, id=6168, stack(0x0000000067720000,0x0000000067820000)]
  0x000000006656e800 JavaThread "File Watcher" daemon [_thread_blocked, id=1260, stack(0x0000000062c70000,0x0000000062d70000)]
  0x0000000063400800 JavaThread "restartedMain" [_thread_blocked, id=4256, stack(0x0000000067bc0000,0x0000000067cc0000)]
  0x00000000633ff800 JavaThread "Catalina-utility-1" [_thread_blocked, id=7452, stack(0x0000000062050000,0x0000000062150000)]
  0x0000000063402800 JavaThread "Catalina-utility-2" [_thread_blocked, id=7424, stack(0x0000000067da0000,0x0000000067ea0000)]
  0x0000000063403800 JavaThread "container-8" [_thread_blocked, id=5492, stack(0x0000000067ab0000,0x0000000067bb0000)]

Other Threads:
  0x000000005fdee800 VMThread "VM Thread" [stack: 0x0000000060010000,0x0000000060110000] [id=6228]
  0x00000000608fa800 WatcherThread [stack: 0x0000000060f70000,0x0000000061070000] [id=7844]
  0x0000000000354800 GCTaskThread "GC Thread#0" [stack: 0x000000001a010000,0x000000001a110000] [id=3892]
  0x000000006167a000 GCTaskThread "GC Thread#1" [stack: 0x0000000061c90000,0x0000000061d90000] [id=7644]
  0x0000000061853000 GCTaskThread "GC Thread#2" [stack: 0x0000000062b00000,0x0000000062c00000] [id=7696]
=>0x0000000061853800 GCTaskThread "GC Thread#3" [stack: 0x0000000062690000,0x0000000062790000] [id=8048]
  0x000000000036f800 ConcurrentGCThread "G1 Main Marker" [stack: 0x000000001ca10000,0x000000001cb10000] [id=2792]
  0x0000000000371000 ConcurrentGCThread "G1 Conc#0" [stack: 0x000000001cbc0000,0x000000001ccc0000] [id=3580]
  0x000000001f000800 ConcurrentGCThread "G1 Refine#0" [stack: 0x000000001f250000,0x000000001f350000] [id=7492]
  0x00000000003b9000 ConcurrentGCThread "G1 Young RemSet Sampling" [stack: 0x000000001f450000,0x000000001f550000] [id=1240]

Threads with active compile tasks:

VM state:at safepoint (normal execution)

VM Mutex/Monitor currently owned by a thread:  ([mutex/lock_event])
[0x0000000000339a40] Threads_lock - owner thread: 0x000000005fdee800
[0x000000000033a220] Heap_lock - owner thread: 0x000000000036f800

Heap address: 0x00000000c0800000, size: 1016 MB, Compressed Oops mode: 32-bit
Narrow klass base: 0x0000000000000000, Narrow klass shift: 0
Compressed class space size: 1073741824 Address: 0x000000001f550000

Heap:
 garbage-first heap   total 68608K, used 52651K [0x00000000c0800000, 0x0000000100000000)
  region size 1024K, 15 young (15360K), 1 survivors (1024K)
 Metaspace       used 61035K, capacity 64149K, committed 64284K, reserved 1103872K
  class space    used 7894K, capacity 9080K, committed 9164K, reserved 1048576K
Heap Regions: E=young(eden), S=young(survivor), O=old, HS=humongous(starts), HC=humongous(continues), CS=collection set, F=free, A=archive, TAMS=top-at-mark-start (previous, next)
|   0|0x00000000c0800000, 0x00000000c0900000, 0x00000000c0900000|100%|HS|  |TAMS 0x00000000c0900000, 0x00000000c0900000| Complete 
|   1|0x00000000c0900000, 0x00000000c09fff18, 0x00000000c0a00000| 99%| O|  |TAMS 0x00000000c09fff18, 0x00000000c09fff18| Untracked 
|   2|0x00000000c0a00000, 0x00000000c0afffc0, 0x00000000c0b00000| 99%| O|  |TAMS 0x00000000c0afffc0, 0x00000000c0afffc0| Untracked 
|   3|0x00000000c0b00000, 0x00000000c0c00000, 0x00000000c0c00000|100%| O|  |TAMS 0x00000000c0c00000, 0x00000000c0c00000| Untracked 
|   4|0x00000000c0c00000, 0x00000000c0ce3d80, 0x00000000c0d00000| 89%| O|  |TAMS 0x00000000c0ce3d80, 0x00000000c0ce3d80| Untracked 
|   5|0x00000000c0d00000, 0x00000000c0e00000, 0x00000000c0e00000|100%| O|  |TAMS 0x00000000c0e00000, 0x00000000c0e00000| Untracked 
|   6|0x00000000c0e00000, 0x00000000c0efffe0, 0x00000000c0f00000| 99%| O|  |TAMS 0x00000000c0efffe0, 0x00000000c0efffe0| Untracked 
|   7|0x00000000c0f00000, 0x00000000c0fffff0, 0x00000000c1000000| 99%| O|  |TAMS 0x00000000c0fffff0, 0x00000000c0fffff0| Untracked 
|   8|0x00000000c1000000, 0x00000000c10fffe8, 0x00000000c1100000| 99%| O|  |TAMS 0x00000000c10fffe8, 0x00000000c10fffe8| Untracked 
|   9|0x00000000c1100000, 0x00000000c1200000, 0x00000000c1200000|100%| O|  |TAMS 0x00000000c1200000, 0x00000000c1200000| Untracked 
|  10|0x00000000c1200000, 0x00000000c12fffe8, 0x00000000c1300000| 99%| O|  |TAMS 0x00000000c12fffe8, 0x00000000c12fffe8| Untracked 
|  11|0x00000000c1300000, 0x00000000c13ffff0, 0x00000000c1400000| 99%| O|  |TAMS 0x00000000c13ffff0, 0x00000000c13ffff0| Untracked 
|  12|0x00000000c1400000, 0x00000000c14fffe8, 0x00000000c1500000| 99%| O|  |TAMS 0x00000000c14fffe8, 0x00000000c14fffe8| Untracked 
|  13|0x00000000c1500000, 0x00000000c1600000, 0x00000000c1600000|100%| O|  |TAMS 0x00000000c1600000, 0x00000000c1600000| Untracked 
|  14|0x00000000c1600000, 0x00000000c16fffd0, 0x00000000c1700000| 99%| O|  |TAMS 0x00000000c16fffd0, 0x00000000c16fffd0| Untracked 
|  15|0x00000000c1700000, 0x00000000c1800000, 0x00000000c1800000|100%| O|  |TAMS 0x00000000c1800000, 0x00000000c1800000| Untracked 
|  16|0x00000000c1800000, 0x00000000c18ffff8, 0x00000000c1900000| 99%| O|  |TAMS 0x00000000c18ffff8, 0x00000000c18ffff8| Untracked 
|  17|0x00000000c1900000, 0x00000000c19fffd0, 0x00000000c1a00000| 99%| O|  |TAMS 0x00000000c19fffd0, 0x00000000c19fffd0| Untracked 
|  18|0x00000000c1a00000, 0x00000000c1b00000, 0x00000000c1b00000|100%| O|  |TAMS 0x00000000c1b00000, 0x00000000c1b00000| Untracked 
|  19|0x00000000c1b00000, 0x00000000c1bfffe8, 0x00000000c1c00000| 99%| O|  |TAMS 0x00000000c1bfffe8, 0x00000000c1bfffe8| Untracked 
|  20|0x00000000c1c00000, 0x00000000c1cfffd8, 0x00000000c1d00000| 99%| O|  |TAMS 0x00000000c1cfffd8, 0x00000000c1cfffd8| Untracked 
|  21|0x00000000c1d00000, 0x00000000c1dffa18, 0x00000000c1e00000| 99%| O|  |TAMS 0x00000000c1dffa18, 0x00000000c1dffa18| Untracked 
|  22|0x00000000c1e00000, 0x00000000c1f00000, 0x00000000c1f00000|100%| O|  |TAMS 0x00000000c1e00000, 0x00000000c1f00000| Untracked 
|  23|0x00000000c1f00000, 0x00000000c2000000, 0x00000000c2000000|100%| O|  |TAMS 0x00000000c2000000, 0x00000000c2000000| Untracked 
|  24|0x00000000c2000000, 0x00000000c2100000, 0x00000000c2100000|100%| O|  |TAMS 0x00000000c2100000, 0x00000000c2100000| Untracked 
|  25|0x00000000c2100000, 0x00000000c2200000, 0x00000000c2200000|100%| O|  |TAMS 0x00000000c2100000, 0x00000000c2200000| Untracked 
|  26|0x00000000c2200000, 0x00000000c2200000, 0x00000000c2300000|  0%| F|  |TAMS 0x00000000c2200000, 0x00000000c2200000| Untracked 
|  27|0x00000000c2300000, 0x00000000c2400000, 0x00000000c2400000|100%| O|  |TAMS 0x00000000c2400000, 0x00000000c2400000| Untracked 
|  28|0x00000000c2400000, 0x00000000c2500000, 0x00000000c2500000|100%| O|  |TAMS 0x00000000c2500000, 0x00000000c2500000| Untracked 
|  29|0x00000000c2500000, 0x00000000c2600000, 0x00000000c2600000|100%| O|  |TAMS 0x00000000c2600000, 0x00000000c2600000| Untracked 
|  30|0x00000000c2600000, 0x00000000c2700000, 0x00000000c2700000|100%| O|  |TAMS 0x00000000c2700000, 0x00000000c2700000| Untracked 
|  31|0x00000000c2700000, 0x00000000c2800000, 0x00000000c2800000|100%| O|  |TAMS 0x00000000c2800000, 0x00000000c2800000| Untracked 
|  32|0x00000000c2800000, 0x00000000c2900000, 0x00000000c2900000|100%| O|  |TAMS 0x00000000c2900000, 0x00000000c2900000| Untracked 
|  33|0x00000000c2900000, 0x00000000c2900000, 0x00000000c2a00000|  0%| F|  |TAMS 0x00000000c2900000, 0x00000000c2900000| Untracked 
|  34|0x00000000c2a00000, 0x00000000c2b00000, 0x00000000c2b00000|100%| O|  |TAMS 0x00000000c2b00000, 0x00000000c2b00000| Untracked 
|  35|0x00000000c2b00000, 0x00000000c2c00000, 0x00000000c2c00000|100%| O|  |TAMS 0x00000000c2c00000, 0x00000000c2c00000| Untracked 
|  36|0x00000000c2c00000, 0x00000000c2d00000, 0x00000000c2d00000|100%| O|  |TAMS 0x00000000c2d00000, 0x00000000c2d00000| Untracked 
|  37|0x00000000c2d00000, 0x00000000c2e00000, 0x00000000c2e00000|100%| O|  |TAMS 0x00000000c2e00000, 0x00000000c2e00000| Untracked 
|  38|0x00000000c2e00000, 0x00000000c2f00000, 0x00000000c2f00000|100%| O|  |TAMS 0x00000000c2f00000, 0x00000000c2f00000| Untracked 
|  39|0x00000000c2f00000, 0x00000000c3000000, 0x00000000c3000000|100%| O|  |TAMS 0x00000000c2fe3a00, 0x00000000c3000000| Untracked 
|  40|0x00000000c3000000, 0x00000000c3100000, 0x00000000c3100000|100%| O|  |TAMS 0x00000000c3000000, 0x00000000c3100000| Untracked 
|  41|0x00000000c3100000, 0x00000000c3163000, 0x00000000c3200000| 38%| O|  |TAMS 0x00000000c3100000, 0x00000000c3163000| Untracked 
|  42|0x00000000c3200000, 0x00000000c3200000, 0x00000000c3300000|  0%| F|  |TAMS 0x00000000c3200000, 0x00000000c3200000| Untracked 
|  43|0x00000000c3300000, 0x00000000c3300000, 0x00000000c3400000|  0%| F|  |TAMS 0x00000000c3300000, 0x00000000c3300000| Untracked 
|  44|0x00000000c3400000, 0x00000000c3400000, 0x00000000c3500000|  0%| F|  |TAMS 0x00000000c3400000, 0x00000000c3400000| Untracked 
|  45|0x00000000c3500000, 0x00000000c3500000, 0x00000000c3600000|  0%| F|  |TAMS 0x00000000c3500000, 0x00000000c3500000| Untracked 
|  46|0x00000000c3600000, 0x00000000c3600000, 0x00000000c3700000|  0%| F|  |TAMS 0x00000000c3600000, 0x00000000c3600000| Untracked 
|  47|0x00000000c3700000, 0x00000000c3700000, 0x00000000c3800000|  0%| F|  |TAMS 0x00000000c3700000, 0x00000000c3700000| Untracked 
|  48|0x00000000c3800000, 0x00000000c3800000, 0x00000000c3900000|  0%| F|  |TAMS 0x00000000c3800000, 0x00000000c3800000| Untracked 
|  49|0x00000000c3900000, 0x00000000c3900000, 0x00000000c3a00000|  0%| F|  |TAMS 0x00000000c3900000, 0x00000000c3900000| Untracked 
|  50|0x00000000c3a00000, 0x00000000c3a24998, 0x00000000c3b00000| 14%| S|CS|TAMS 0x00000000c3a00000, 0x00000000c3a00000| Complete 
|  51|0x00000000c3b00000, 0x00000000c3b00000, 0x00000000c3c00000|  0%| F|  |TAMS 0x00000000c3b00000, 0x00000000c3b00000| Untracked 
|  52|0x00000000c3c00000, 0x00000000c3c00000, 0x00000000c3d00000|  0%| F|  |TAMS 0x00000000c3c00000, 0x00000000c3c00000| Untracked 
|  53|0x00000000c3d00000, 0x00000000c3da7810, 0x00000000c3e00000| 65%| E|  |TAMS 0x00000000c3d00000, 0x00000000c3d00000| Complete 
|  54|0x00000000c3e00000, 0x00000000c3f00000, 0x00000000c3f00000|100%| E|CS|TAMS 0x00000000c3e00000, 0x00000000c3e00000| Complete 
|  55|0x00000000c3f00000, 0x00000000c4000000, 0x00000000c4000000|100%| E|CS|TAMS 0x00000000c3f00000, 0x00000000c3f00000| Complete 
|  56|0x00000000c4000000, 0x00000000c4100000, 0x00000000c4100000|100%| E|CS|TAMS 0x00000000c4000000, 0x00000000c4000000| Complete 
|  57|0x00000000c4100000, 0x00000000c4200000, 0x00000000c4200000|100%| E|CS|TAMS 0x00000000c4100000, 0x00000000c4100000| Complete 
|  58|0x00000000c4200000, 0x00000000c4300000, 0x00000000c4300000|100%| E|CS|TAMS 0x00000000c4200000, 0x00000000c4200000| Complete 
|  59|0x00000000c4300000, 0x00000000c4400000, 0x00000000c4400000|100%| E|CS|TAMS 0x00000000c4300000, 0x00000000c4300000| Complete 
|  60|0x00000000c4400000, 0x00000000c4500000, 0x00000000c4500000|100%| E|CS|TAMS 0x00000000c4400000, 0x00000000c4400000| Complete 
|  61|0x00000000c4500000, 0x00000000c4600000, 0x00000000c4600000|100%| E|CS|TAMS 0x00000000c4500000, 0x00000000c4500000| Complete 
|  62|0x00000000c4600000, 0x00000000c4700000, 0x00000000c4700000|100%| E|CS|TAMS 0x00000000c4600000, 0x00000000c4600000| Complete 
|  63|0x00000000c4700000, 0x00000000c4800000, 0x00000000c4800000|100%| E|  |TAMS 0x00000000c4700000, 0x00000000c4700000| Complete 
|  64|0x00000000c4800000, 0x00000000c4900000, 0x00000000c4900000|100%| E|CS|TAMS 0x00000000c4800000, 0x00000000c4800000| Complete 
|  65|0x00000000c4900000, 0x00000000c4a00000, 0x00000000c4a00000|100%| E|CS|TAMS 0x00000000c4900000, 0x00000000c4900000| Complete 
|  66|0x00000000c4a00000, 0x00000000c4b00000, 0x00000000c4b00000|100%| E|CS|TAMS 0x00000000c4a00000, 0x00000000c4a00000| Complete 

Card table byte_map: [0x000000001a530000,0x000000001a730000] _byte_map_base: 0x0000000019f2c000

Marking Bits (Prev, Next): (CMBitMap*) 0x00000000003698f8, (CMBitMap*) 0x0000000000369930
 Prev Bits: [0x000000001a930000, 0x000000001b910000)
 Next Bits: [0x000000001b910000, 0x000000001c8f0000)

Polling page: 0x0000000000230000

Metaspace:

Usage:
  Non-class:     53.78 MB capacity,    51.90 MB ( 96%) used,     1.64 MB (  3%) free+waste,   253.38 KB ( <1%) overhead. 
      Class:      8.87 MB capacity,     7.71 MB ( 87%) used,     1.04 MB ( 12%) free+waste,   125.69 KB (  1%) overhead. 
       Both:     62.65 MB capacity,    59.60 MB ( 95%) used,     2.67 MB (  4%) free+waste,   379.06 KB ( <1%) overhead. 

Virtual space:
  Non-class space:       54.00 MB reserved,      53.83 MB (>99%) committed 
      Class space:        1.00 GB reserved,       8.95 MB ( <1%) committed 
             Both:        1.05 GB reserved,      62.78 MB (  6%) committed 

Chunk freelists:
   Non-Class:  6.38 KB
       Class:  0 bytes
        Both:  6.38 KB

CodeHeap 'non-profiled nmethods': size=238912Kb used=14650Kb max_used=14650Kb free=224261Kb
 bounds [0x000000000b350000, 0x000000000c1a0000, 0x0000000019ca0000]
CodeHeap 'non-nmethods': size=6848Kb used=1197Kb max_used=1197Kb free=5650Kb
 bounds [0x000000000aca0000, 0x000000000af10000, 0x000000000b350000]
 total_blobs=9643 nmethods=9086 adapters=482
 compilation: enabled
              stopped_count=0, restarted_count=0
 full_count=0

Compilation events (10 events):
Event: 257.640 Thread 0x000000005fe55000 9083       1       org.springframework.beans.factory.support.DefaultListableBeanFactory::lambda$registerSingleton$4 (19 bytes)
Event: 257.640 Thread 0x000000005fe55000 nmethod 9083 0x000000000c19cd10 code [0x000000000c19cec0, 0x000000000c19cfa8]
Event: 257.640 Thread 0x000000005fe55000 9084       1       org.springframework.beans.factory.support.DefaultListableBeanFactory$$Lambda$225/0x000000001f75fc40::accept (12 bytes)
Event: 257.640 Thread 0x000000005fe55000 nmethod 9084 0x000000000c19d010 code [0x000000000c19d1c0, 0x000000000c19d2e8]
Event: 257.640 Thread 0x000000005fe55000 9085       1       org.springframework.beans.factory.support.DefaultListableBeanFactory::lambda$registerSingleton$3 (9 bytes)
Event: 257.640 Thread 0x000000005fe55000 nmethod 9085 0x000000000c19d390 code [0x000000000c19d540, 0x000000000c19d608]
Event: 257.642 Thread 0x000000005fe55000 9086       1       org.springframework.http.converter.AbstractHttpMessageConverter::<init> (31 bytes)
Event: 257.642 Thread 0x000000005fe55000 nmethod 9086 0x000000000c19d690 code [0x000000000c19d8a0, 0x000000000c19deb8]
Event: 257.646 Thread 0x000000005fe55000 9087       1       org.apache.catalina.core.StandardPipeline::getValves (58 bytes)
Event: 257.647 Thread 0x000000005fe55000 nmethod 9087 0x000000000c19e190 code [0x000000000c19e380, 0x000000000c19e868]

GC Heap History (10 events):
Event: 257.444 GC heap before
{Heap before GC invocations=98 (full 12):
 garbage-first heap   total 68608K, used 57790K [0x00000000c0800000, 0x0000000100000000)
  region size 1024K, 19 young (19456K), 1 survivors (1024K)
 Metaspace       used 61017K, capacity 64075K, committed 64284K, reserved 1103872K
  class space    used 7892K, capacity 9078K, committed 9164K, reserved 1048576K
}
Event: 257.447 GC heap after
{Heap after GC invocations=99 (full 12):
 garbage-first heap   total 68608K, used 40693K [0x00000000c0800000, 0x0000000100000000)
  region size 1024K, 2 young (2048K), 2 survivors (2048K)
 Metaspace       used 61017K, capacity 64075K, committed 64284K, reserved 1103872K
  class space    used 7892K, capacity 9078K, committed 9164K, reserved 1048576K
}
Event: 257.601 GC heap before
{Heap before GC invocations=100 (full 12):
 garbage-first heap   total 68608K, used 58101K [0x00000000c0800000, 0x0000000100000000)
  region size 1024K, 19 young (19456K), 2 survivors (2048K)
 Metaspace       used 61035K, capacity 64149K, committed 64284K, reserved 1103872K
  class space    used 7894K, capacity 9080K, committed 9164K, reserved 1048576K
}
Event: 257.605 GC heap after
{Heap after GC invocations=101 (full 12):
 garbage-first heap   total 68608K, used 41178K [0x00000000c0800000, 0x0000000100000000)
  region size 1024K, 2 young (2048K), 2 survivors (2048K)
 Metaspace       used 61035K, capacity 64149K, committed 64284K, reserved 1103872K
  class space    used 7894K, capacity 9080K, committed 9164K, reserved 1048576K
}
Event: 257.608 GC heap before
{Heap before GC invocations=101 (full 12):
 garbage-first heap   total 68608K, used 42202K [0x00000000c0800000, 0x0000000100000000)
  region size 1024K, 4 young (4096K), 2 survivors (2048K)
 Metaspace       used 61035K, capacity 64149K, committed 64284K, reserved 1103872K
  class space    used 7894K, capacity 9080K, committed 9164K, reserved 1048576K
}
Event: 257.611 GC heap after
{Heap after GC invocations=102 (full 12):
 garbage-first heap   total 68608K, used 40480K [0x00000000c0800000, 0x0000000100000000)
  region size 1024K, 1 young (1024K), 1 survivors (1024K)
 Metaspace       used 61035K, capacity 64149K, committed 64284K, reserved 1103872K
  class space    used 7894K, capacity 9080K, committed 9164K, reserved 1048576K
}
Event: 257.616 GC heap before
{Heap before GC invocations=102 (full 12):
 garbage-first heap   total 68608K, used 55840K [0x00000000c0800000, 0x0000000100000000)
  region size 1024K, 17 young (17408K), 1 survivors (1024K)
 Metaspace       used 61035K, capacity 64149K, committed 64284K, reserved 1103872K
  class space    used 7894K, capacity 9080K, committed 9164K, reserved 1048576K
}
Event: 257.617 GC heap after
{Heap after GC invocations=103 (full 12):
 garbage-first heap   total 68608K, used 40399K [0x00000000c0800000, 0x0000000100000000)
  region size 1024K, 1 young (1024K), 1 survivors (1024K)
 Metaspace       used 61035K, capacity 64149K, committed 64284K, reserved 1103872K
  class space    used 7894K, capacity 9080K, committed 9164K, reserved 1048576K
}
Event: 257.621 GC heap before
{Heap before GC invocations=103 (full 12):
 garbage-first heap   total 68608K, used 55759K [0x00000000c0800000, 0x0000000100000000)
  region size 1024K, 17 young (17408K), 1 survivors (1024K)
 Metaspace       used 61035K, capacity 64149K, committed 64284K, reserved 1103872K
  class space    used 7894K, capacity 9080K, committed 9164K, reserved 1048576K
}
Event: 257.621 GC heap after
{Heap after GC invocations=104 (full 12):
 garbage-first heap   total 68608K, used 40363K [0x00000000c0800000, 0x0000000100000000)
  region size 1024K, 1 young (1024K), 1 survivors (1024K)
 Metaspace       used 61035K, capacity 64149K, committed 64284K, reserved 1103872K
  class space    used 7894K, capacity 9080K, committed 9164K, reserved 1048576K
}

Deoptimization events (0 events):
No events

Classes redefined (0 events):
No events

Internal exceptions (10 events):
Event: 250.928 Thread 0x000000006656e800 Exception <a 'java/lang/reflect/InvocationTargetException'{0x00000000c4549710}> (0x00000000c4549710) thrown at [./open/src/hotspot/share/runtime/reflection.cpp, line 1242]
Event: 257.353 Thread 0x0000000063400800 Exception <a 'java/io/FileNotFoundException'{0x00000000c44d8b28}> (0x00000000c44d8b28) thrown at [./open/src/hotspot/share/prims/jni.cpp, line 611]
Event: 257.568 Thread 0x0000000063400800 Exception <a 'java/lang/NoClassDefFoundError'{0x00000000c3ee4f30}: org/flywaydb/core/Flyway> (0x00000000c3ee4f30) thrown at [./open/src/hotspot/share/oops/constantPool.cpp, line 770]
Event: 257.568 Thread 0x0000000063400800 Exception <a 'java/lang/NoClassDefFoundError'{0x00000000c3eeca70}: liquibase/integration/spring/SpringLiquibase> (0x00000000c3eeca70) thrown at [./open/src/hotspot/share/oops/constantPool.cpp, line 770]
Event: 257.572 Thread 0x0000000063400800 Exception <a 'java/lang/NoClassDefFoundError'{0x00000000c3d44428}: org/jooq/DSLContext> (0x00000000c3d44428) thrown at [./open/src/hotspot/share/oops/constantPool.cpp, line 770]
Event: 257.573 Thread 0x0000000063400800 Exception <a 'java/lang/NoClassDefFoundError'{0x00000000c3d4d8d0}: org/springframework/batch/core/repository/JobRepository> (0x00000000c3d4d8d0) thrown at [./open/src/hotspot/share/oops/constantPool.cpp, line 770]
Event: 257.573 Thread 0x0000000063400800 Exception <a 'java/lang/NoClassDefFoundError'{0x00000000c3d4dc08}: org/quartz/Scheduler> (0x00000000c3d4dc08) thrown at [./open/src/hotspot/share/oops/constantPool.cpp, line 770]
Event: 257.573 Thread 0x0000000063400800 Exception <a 'java/lang/NoClassDefFoundError'{0x00000000c3d4df40}: org/springframework/session/jdbc/JdbcIndexedSessionRepository> (0x00000000c3d4df40) thrown at [./open/src/hotspot/share/oops/constantPool.cpp, line 770]
Event: 257.632 Thread 0x0000000063400800 Exception <a 'java/io/FileNotFoundException'{0x00000000c45f4390}> (0x00000000c45f4390) thrown at [./open/src/hotspot/share/prims/jni.cpp, line 611]
Event: 257.646 Thread 0x0000000063400800 Exception <a 'java/io/FileNotFoundException'{0x00000000c437c400}> (0x00000000c437c400) thrown at [./open/src/hotspot/share/prims/jni.cpp, line 611]

Events (10 events):
Event: 257.654 loading class org/hsqldb/jdbc/JDBCDriver done
Event: 257.654 loading class org/hsqldb/jdbc$JDBCDriver
Event: 257.654 loading class org/hsqldb/jdbc$JDBCDriver done
Event: 257.678 loading class org/springframework/boot/orm/jpa/hibernate/SpringImplicitNamingStrategy
Event: 257.678 loading class org/springframework/boot/orm/jpa/hibernate/SpringImplicitNamingStrategy done
Event: 257.678 loading class org/springframework/boot/orm/jpa/hibernate/SpringPhysicalNamingStrategy
Event: 257.678 loading class org/springframework/boot/orm/jpa/hibernate/SpringPhysicalNamingStrategy done
Event: 257.680 loading class org/hibernate/boot/archive/scan/internal/DisabledScanner
Event: 257.681 loading class org/hibernate/boot/archive/scan/internal/DisabledScanner done
Event: 257.693 Executing VM operation: CGC_Operation


Dynamic libraries:
0x000000013f8e0000 - 0x000000013f8ef000 	C:\Program Files\Java\jdk-11.0.11\bin\java.exe
0x00000000770c0000 - 0x0000000077269000 	C:\Windows\SYSTEM32\ntdll.dll
0x0000000076fa0000 - 0x00000000770bf000 	C:\Windows\system32\kernel32.dll
0x000007fefd030000 - 0x000007fefd09c000 	C:\Windows\system32\KERNELBASE.dll
0x000007fef60a0000 - 0x000007fef60b8000 	C:\Program Files\Java\jdk-11.0.11\bin\jli.dll
0x000007fefece0000 - 0x000007fefedbb000 	C:\Windows\system32\ADVAPI32.dll
0x000007fefd290000 - 0x000007fefd32f000 	C:\Windows\system32\msvcrt.dll
0x000007fefedc0000 - 0x000007fefeddf000 	C:\Windows\SYSTEM32\sechost.dll
0x000007fefd360000 - 0x000007fefd48d000 	C:\Windows\system32\RPCRT4.dll
0x000007fefb740000 - 0x000007fefb934000 	C:\Windows\WinSxS\amd64_microsoft.windows.common-controls_6595b64144ccf1df_6.0.7601.17514_none_fa396087175ac9ac\COMCTL32.dll
0x000007feff020000 - 0x000007feff087000 	C:\Windows\system32\GDI32.dll
0x0000000076ea0000 - 0x0000000076f9a000 	C:\Windows\system32\USER32.dll
0x000007fefdc00000 - 0x000007fefdc0e000 	C:\Windows\system32\LPK.dll
0x000007fefd8b0000 - 0x000007fefd979000 	C:\Windows\system32\USP10.dll
0x000007fefe9a0000 - 0x000007fefea11000 	C:\Windows\system32\SHLWAPI.dll
0x000007fefbfa0000 - 0x000007fefbfac000 	C:\Windows\system32\VERSION.dll
0x000007fefb3c0000 - 0x000007fefb3d5000 	C:\Program Files\Java\jdk-11.0.11\bin\VCRUNTIME140.dll
0x000007fef52b0000 - 0x000007fef52b4000 	C:\Program Files\Java\jdk-11.0.11\bin\api-ms-win-crt-runtime-l1-1-0.dll
0x000007fec98d0000 - 0x000007fec99ca000 	C:\Program Files\Java\jdk-11.0.11\bin\ucrtbase.DLL
0x000007fefb3b0000 - 0x000007fefb3b3000 	C:\Program Files\Java\jdk-11.0.11\bin\api-ms-win-core-localization-l1-2-0.dll
0x000007fef5290000 - 0x000007fef5293000 	C:\Program Files\Java\jdk-11.0.11\bin\api-ms-win-core-processthreads-l1-1-1.dll
0x000007fef52a0000 - 0x000007fef52a3000 	C:\Program Files\Java\jdk-11.0.11\bin\api-ms-win-core-file-l1-2-0.dll
0x000007fef5190000 - 0x000007fef5193000 	C:\Program Files\Java\jdk-11.0.11\bin\api-ms-win-core-timezone-l1-1-0.dll
0x000007fef51a0000 - 0x000007fef51a3000 	C:\Program Files\Java\jdk-11.0.11\bin\api-ms-win-core-file-l2-1-0.dll
0x000007fef5170000 - 0x000007fef5173000 	C:\Program Files\Java\jdk-11.0.11\bin\api-ms-win-core-synch-l1-2-0.dll
0x000007fef5180000 - 0x000007fef5183000 	C:\Program Files\Java\jdk-11.0.11\bin\api-ms-win-crt-heap-l1-1-0.dll
0x000007fef4d10000 - 0x000007fef4d14000 	C:\Program Files\Java\jdk-11.0.11\bin\api-ms-win-crt-string-l1-1-0.dll
0x000007fef5160000 - 0x000007fef5164000 	C:\Program Files\Java\jdk-11.0.11\bin\api-ms-win-crt-stdio-l1-1-0.dll
0x000007fef46c0000 - 0x000007fef46c4000 	C:\Program Files\Java\jdk-11.0.11\bin\api-ms-win-crt-convert-l1-1-0.dll
0x000007fef4d00000 - 0x000007fef4d03000 	C:\Program Files\Java\jdk-11.0.11\bin\api-ms-win-crt-environment-l1-1-0.dll
0x000007fef46a0000 - 0x000007fef46a3000 	C:\Program Files\Java\jdk-11.0.11\bin\api-ms-win-crt-filesystem-l1-1-0.dll
0x000007fef46b0000 - 0x000007fef46b5000 	C:\Program Files\Java\jdk-11.0.11\bin\api-ms-win-crt-math-l1-1-0.dll
0x000007fef41b0000 - 0x000007fef41b3000 	C:\Program Files\Java\jdk-11.0.11\bin\api-ms-win-crt-locale-l1-1-0.dll
0x000007fefdbd0000 - 0x000007fefdbfe000 	C:\Windows\system32\IMM32.DLL
0x000007fefdac0000 - 0x000007fefdbc9000 	C:\Windows\system32\MSCTF.dll
0x000007fee5e20000 - 0x000007fee5ebb000 	C:\Program Files\Java\jdk-11.0.11\bin\msvcp140.dll
0x000007fef4690000 - 0x000007fef4693000 	C:\Program Files\Java\jdk-11.0.11\bin\api-ms-win-crt-time-l1-1-0.dll
0x000007fef3eb0000 - 0x000007fef3eb3000 	C:\Program Files\Java\jdk-11.0.11\bin\api-ms-win-crt-utility-l1-1-0.dll
0x000007febc7b0000 - 0x000007febd2ae000 	C:\Program Files\Java\jdk-11.0.11\bin\server\jvm.dll
0x000007fef99f0000 - 0x000007fef99f9000 	C:\Windows\system32\WSOCK32.dll
0x000007feff380000 - 0x000007feff3cd000 	C:\Windows\system32\WS2_32.dll
0x000007fefd330000 - 0x000007fefd338000 	C:\Windows\system32\NSI.dll
0x000007fef9be0000 - 0x000007fef9c1b000 	C:\Windows\system32\WINMM.dll
0x0000000077280000 - 0x0000000077287000 	C:\Windows\system32\PSAPI.DLL
0x000007fef3ee0000 - 0x000007fef3ef0000 	C:\Program Files\Java\jdk-11.0.11\bin\verify.dll
0x000007fefbc90000 - 0x000007fefbdb5000 	C:\Windows\system32\DBGHELP.DLL
0x000007feef4a0000 - 0x000007feef4c8000 	C:\Program Files\Java\jdk-11.0.11\bin\java.dll
0x000007fef3e80000 - 0x000007fef3e8a000 	C:\Program Files\Java\jdk-11.0.11\bin\jimage.dll
0x000007feef800000 - 0x000007feef816000 	C:\Program Files\Java\jdk-11.0.11\bin\zip.dll
0x000007fefdc10000 - 0x000007fefe998000 	C:\Windows\system32\SHELL32.dll
0x000007feff170000 - 0x000007feff373000 	C:\Windows\system32\ole32.dll
0x000007fefced0000 - 0x000007fefcedf000 	C:\Windows\system32\profapi.dll
0x000007feef730000 - 0x000007feef749000 	C:\Program Files\Java\jdk-11.0.11\bin\net.dll
0x000007fef76b0000 - 0x000007fef7721000 	C:\Windows\system32\WINHTTP.dll
0x000007fef7640000 - 0x000007fef76a4000 	C:\Windows\system32\webio.dll
0x000007fefc670000 - 0x000007fefc6c5000 	C:\Windows\system32\mswsock.dll
0x000007fefc660000 - 0x000007fefc667000 	C:\Windows\System32\wship6.dll
0x000007feef750000 - 0x000007feef762000 	C:\Program Files\Java\jdk-11.0.11\bin\nio.dll
0x000007feefae0000 - 0x000007feefae9000 	C:\Program Files\Java\jdk-11.0.11\bin\management.dll
0x000007feef860000 - 0x000007feef86b000 	C:\Program Files\Java\jdk-11.0.11\bin\management_ext.dll
0x000007fefa470000 - 0x000007fefa485000 	C:\Windows\system32\NLAapi.dll
0x000007fef3f30000 - 0x000007fef3f45000 	C:\Windows\system32\napinsp.dll
0x000007fef3f10000 - 0x000007fef3f29000 	C:\Windows\system32\pnrpnsp.dll
0x000007fefc4f0000 - 0x000007fefc54b000 	C:\Windows\system32\DNSAPI.dll
0x000007fef3f00000 - 0x000007fef3f0b000 	C:\Windows\System32\winrnr.dll
0x000007fef3ef0000 - 0x000007fef3f00000 	C:\Windows\system32\wshbth.dll
0x000007fefc070000 - 0x000007fefc077000 	C:\Windows\System32\wshtcpip.dll
0x000007fefa240000 - 0x000007fefa267000 	C:\Windows\system32\IPHLPAPI.DLL
0x000007fefa230000 - 0x000007fefa23b000 	C:\Windows\system32\WINNSI.DLL
0x000007fef0a40000 - 0x000007fef0a48000 	C:\Windows\system32\rasadhlp.dll
0x000007fef9b80000 - 0x000007fef9bd3000 	C:\Windows\System32\fwpuclnt.dll
0x000007fefc6d0000 - 0x000007fefc6e8000 	C:\Windows\system32\CRYPTSP.dll
0x000007fefc3d0000 - 0x000007fefc417000 	C:\Windows\system32\rsaenh.dll
0x000007fefcf50000 - 0x000007fefcf6e000 	C:\Windows\system32\USERENV.dll
0x000007fefcd70000 - 0x000007fefcd7f000 	C:\Windows\system32\CRYPTBASE.dll
0x000007fef9b60000 - 0x000007fef9b71000 	C:\Windows\system32\dhcpcsvc6.DLL
0x000007fef9b30000 - 0x000007fef9b48000 	C:\Windows\system32\dhcpcsvc.DLL
0x000007feeeed0000 - 0x000007feeeef5000 	C:\Program Files\Java\jdk-11.0.11\bin\sunec.dll

dbghelp: loaded successfully - version: 4.0.5 - missing functions: none
symbol engine: initialized successfully - sym options: 0x614 - pdb path: .;C:\Program Files\Java\jdk-11.0.11\bin;C:\Windows\SYSTEM32;C:\Windows\WinSxS\amd64_microsoft.windows.common-controls_6595b64144ccf1df_6.0.7601.17514_none_fa396087175ac9ac;C:\Program Files\Java\jdk-11.0.11\bin\server

VM Arguments:
jvm_args: -Xverify:none -XX:TieredStopAtLevel=1 
java_command: com.api.ApiApplication
java_class_path (initial): C:\Users\User\Documents\Douglas\Projetos\SpringBoot\api\target\classes;C:\Users\User\.m2\repository\ch\qos\logback\logback-classic\1.2.5\logback-classic-1.2.5.jar;C:\Users\User\.m2\repository\ch\qos\logback\logback-core\1.2.5\logback-core-1.2.5.jar;C:\Users\User\.m2\repository\org\apache\logging\log4j\log4j-to-slf4j\2.14.1\log4j-to-slf4j-2.14.1.jar;C:\Users\User\.m2\repository\org\apache\logging\log4j\log4j-api\2.14.1\log4j-api-2.14.1.jar;C:\Users\User\.m2\repository\org\slf4j\jul-to-slf4j\1.7.32\jul-to-slf4j-1.7.32.jar;C:\Users\User\.m2\repository\jakarta\annotation\jakarta.annotation-api\1.3.5\jakarta.annotation-api-1.3.5.jar;C:\Users\User\.m2\repository\org\yaml\snakeyaml\1.28\snakeyaml-1.28.jar;C:\Users\User\.m2\repository\com\fasterxml\jackson\core\jackson-databind\2.12.4\jackson-databind-2.12.4.jar;C:\Users\User\.m2\repository\com\fasterxml\jackson\core\jackson-annotations\2.12.4\jackson-annotations-2.12.4.jar;C:\Users\User\.m2\repository\com\fasterxml\jackson\core\jackson-core\2.12.4\jackson-core-2.12.4.jar;C:\Users\User\.m2\repository\com\fasterxml\jackson\datatype\jackson-datatype-jdk8\2.12.4\jackson-datatype-jdk8-2.12.4.jar;C:\Users\User\.m2\repository\com\fasterxml\jackson\datatype\jackson-datatype-jsr310\2.12.4\jackson-datatype-jsr310-2.12.4.jar;C:\Users\User\.m2\repository\com\fasterxml\jackson\module\jackson-module-parameter-names\2.12.4\jackson-module-parameter-names-2.12.4.jar;C:\Users\User\.m2\repository\org\apache\tomcat\embed\tomcat-embed-core\9.0.52\tomcat-embed-core-9.0.52.jar;C:\Users\User\.m2\repository\org\apache\tomcat\embed\tomcat-embed-el\9.0.52\tomcat-embed-el-9.0.52.jar;C:\Users\User\.m2\repository\org\apache\tomcat\embed\tomcat-embed-websocket\9.0.52\tomcat-embed-websocket-9.0.52.jar;C:\Users\User\.m2\repository\org\springframework\spring-web\5.3.9\spring-web-5.3.9.jar;C:\Users\User\.m2\repository\org\springframework\spring-beans\5.3.9\spring-beans-5.3.9.jar;C:\Users\User\.m2\repository\org\springframework\s
Launcher Type: SUN_STANDARD

[Global flags]
     bool BytecodeVerificationLocal                = false                                     {product} {command line}
     bool BytecodeVerificationRemote               = false                                     {product} {command line}
     intx CICompilerCount                          = 3                                         {product} {ergonomic}
     uint ConcGCThreads                            = 1                                         {product} {ergonomic}
     uint G1ConcRefinementThreads                  = 4                                         {product} {ergonomic}
   size_t G1HeapRegionSize                         = 1048576                                   {product} {ergonomic}
    uintx GCDrainStackTargetSize                   = 64                                        {product} {ergonomic}
   size_t InitialHeapSize                          = 67108864                                  {product} {ergonomic}
   size_t MarkStackSize                            = 4194304                                   {product} {ergonomic}
   size_t MaxHeapSize                              = 1065353216                                {product} {ergonomic}
   size_t MaxNewSize                               = 638582784                                 {product} {ergonomic}
   size_t MinHeapDeltaBytes                        = 1048576                                   {product} {ergonomic}
    uintx NonNMethodCodeHeapSize                   = 6973028                                {pd product} {ergonomic}
    uintx NonProfiledCodeHeapSize                  = 244685212                              {pd product} {ergonomic}
    uintx ProfiledCodeHeapSize                     = 0                                      {pd product} {ergonomic}
    uintx ReservedCodeCacheSize                    = 251658240                              {pd product} {ergonomic}
     bool SegmentedCodeCache                       = true                                      {product} {ergonomic}
     intx TieredStopAtLevel                        = 1                                         {product} {command line}
     bool UseCompressedClassPointers               = true                                 {lp64_product} {ergonomic}
     bool UseCompressedOops                        = true                                 {lp64_product} {ergonomic}
     bool UseG1GC                                  = true                                      {product} {ergonomic}
     bool UseLargePagesIndividualAllocation        = false                                  {pd product} {ergonomic}

Logging:
Log output configuration:
 #0: stdout all=warning uptime,level,tags
 #1: stderr all=off uptime,level,tags

Environment Variables:
JAVA_HOME=C:\Program Files\Java\jdk-11.0.11
PATH=C:\Program Files\Common Files\Oracle\Java\javapath;C:\Program Files\AdoptOpenJDK\jdk-11.0.11.9-hotspot\bin;C:\Program Files (x86)\NVIDIA Corporation\PhysX\Common;C:\ProgramData\Oracle\Java\javapath;C:\Windows\Microsoft.NET\Framework\v1.1.4322\;X:\Program Files (x86)\Borland\BDS\4.0\Bin;C:\Program Files (x86)\Intel\iCLS Client\;C:\Program Files\Intel\iCLS Client\;C:\Windows\system32;C:\Windows;C:\Windows\System32\Wbem;C:\Windows\System32\WindowsPowerShell\v1.0\;C:\Program Files (x86)\Intel\OpenCL SDK\2.0\bin\x86;C:\Program Files (x86)\Intel\OpenCL SDK\2.0\bin\x64;C:\Program Files\Intel\Intel(R) Management Engine Components\DAL;C:\Program Files\Intel\Intel(R) Management Engine Components\IPT;C:\Program Files (x86)\Intel\Intel(R) Management Engine Components\DAL;C:\Program Files (x86)\Intel\Intel(R) Management Engine Components\IPT;C:\Program Files (x86)\Borland\CaliberRM SDK 2005 R2\lib;X:\Program Files\TortoiseSVN\bin;C:\Program Files\Microsoft SQL Server\130\Tools\Binn\;C:\Program Files\Microsoft SQL Server\Client SDK\ODBC\170\Tools\Binn\;C:\Program Files (x86)\WinSCP\;C:\Program Files\dotnet\;C:\Program Files\nodejs\;C:\Program Files (x86)\Microsoft SQL Server\Client SDK\ODBC\110\Tools\Binn\;C:\Program Files (x86)\Microsoft SQL Server\120\Tools\Binn\;C:\Program Files (x86)\Microsoft SQL Server\120\DTS\Binn\;C:\Program Files (x86)\Microsoft SQL Server\120\Tools\Binn\ManagementStudio\;C:\Windows\System32\WindowsPowerShell\v1.0\;C:\ProgramData\chocolatey\bin;C:\Program Files\OpenJDK\openjdk-8u282-b08\bin;C:\Users\User\AppData\Local\Android\Sdk\platform-tools;C:\Program Files\AdoptOpenJDK\jdk-11.0.11.9-hotspot\bin;C:\Program Files\SafeNet\Authentication\SAC\x64;C:\Program Files\SafeNet\Authentication\SAC\x32;C:\Program Files\Java\jdk-11.0.11\bin;C:\Program Files\apache-maven-3.8.2\\bin;C:\Users\User\Documents\Borland Studio Projects\Bpl;X:\Bpl;C:\Program Files (x86)\Firebird\Firebird_2_1\bin;C:\Users\User\AppData\Local\Programs\Microsoft VS Code\bin;C:\Users\User\.do
USERNAME=User
OS=Windows_NT
PROCESSOR_IDENTIFIER=Intel64 Family 6 Model 58 Stepping 9, GenuineIntel



---------------  S Y S T E M  ---------------

OS: Windows 7 , 64 bit Build 7601 (6.1.7601.18409)

CPU:total 4 (initial active 4) (4 cores per cpu, 1 threads per core) family 6 model 58 stepping 9 microcode 0x0, cmov, cx8, fxsr, mmx, sse, sse2, sse3, ssse3, sse4.1, sse4.2, popcnt, avx, aes, clmul, erms, tsc, tscinvbit, tscinv

Memory: 4k page, system-wide physical 4059M (534M free)
TotalPageFile size 10663M (AvailPageFile size 3917M)
current process WorkingSet (physical memory assigned to process): 199M, peak: 200M
current process commit charge ("private bytes"): 240M, peak: 257M

vm_info: Java HotSpot(TM) 64-Bit Server VM (11.0.11+9-LTS-194) for windows-amd64 JRE (11.0.11+9-LTS-194), built on Mar 18 2021 18:46:53 by "mach5one" with MS VC++ 15.9 (VS2017)

END.
