#
# A fatal error has been detected by the Java Runtime Environment:
#
#  EXCEPTION_ACCESS_VIOLATION (0xc0000005) at pc=0x000007febff18876, pid=7840, tid=7464
#
# JRE version: Java(TM) SE Runtime Environment 18.9 (11.0.11+9) (build 11.0.11+9-LTS-194)
# Java VM: Java HotSpot(TM) 64-Bit Server VM 18.9 (11.0.11+9-LTS-194, mixed mode, tiered, compressed oops, g1 gc, windows-amd64)
# Problematic frame:
# V  [jvm.dll+0x188876]
#
# No core dump will be written. Minidumps are not enabled by default on client versions of Windows
#
# If you would like to submit a bug report, please visit:
#   https://bugreport.java.com/bugreport/crash.jsp
#

---------------  S U M M A R Y ------------

Command Line: -Xverify:none -XX:TieredStopAtLevel=1 com.api.ApiApplication

Host: Intel(R) Core(TM) i5-3330 CPU @ 3.00GHz, 4 cores, 3G,  Windows 7 , 64 bit Build 7601 (6.1.7601.18409)
Time: Tue Sep 21 14:16:34 2021 Hora oficial do Brasil elapsed time: 0.473355 seconds (0d 0h 0m 0s)

---------------  T H R E A D  ---------------

Current thread (0x0000000061470000):  GCTaskThread "GC Thread#1" [stack: 0x0000000060ea0000,0x0000000060fa0000] [id=7464]

Stack: [0x0000000060ea0000,0x0000000060fa0000],  sp=0x0000000060f9f2f8,  free space=1020k
Native frames: (J=compiled Java code, j=interpreted, Vv=VM code, C=native code)
V  [jvm.dll+0x188876]


siginfo: EXCEPTION_ACCESS_VIOLATION (0xc0000005), reading address 0x0000000000000cb1


Register to memory mapping:

RIP=0x000007febff18876 jvm.dll
RAX=0x0000000000000001 is an unknown value
RBX=0x00000000c27740f0 is pointing into object: sun.util.locale.BaseLocale 
{0x00000000c27740e0} - klass: 'sun/util/locale/BaseLocale'
RCX=0x00000000c39bafb8 is pointing into object: java.lang.String 
{0x00000000c39bafb0} - klass: 'java/lang/String'
RDX=0x00000000c39bafb8 is pointing into object: java.lang.String 
{0x00000000c39bafb0} - klass: 'java/lang/String'
RSP=0x0000000060f9f2f8 points into unknown readable memory: 9e 90 08 c0 fe 07 00 00
RBP=0x00000000613e1080 points into unknown readable memory: 48 4c 5e c0 fe 07 00 00
RSI=0x00000000613e1080 points into unknown readable memory: 48 4c 5e c0 fe 07 00 00
RDI=0x0000000000000001 is an unknown value
R8 =0x00000000c39bafb8 is pointing into object: java.lang.String 
{0x00000000c39bafb0} - klass: 'java/lang/String'
R9 =0x0000000000000ca9 is an unknown value
R10=0x00000000c27740f0 is pointing into object: sun.util.locale.BaseLocale 
{0x00000000c27740e0} - klass: 'sun/util/locale/BaseLocale'
R11=0x00000000613e11f0 points into unknown readable memory: 00 4c 5e c0 fe 07 00 00
R12=0x0 is NULL
R13=0x0000000000000040 is an unknown value
R14=0x00000000c39bafb8 is pointing into object: java.lang.String 
{0x00000000c39bafb0} - klass: 'java/lang/String'
R15=0xc39bafc81f111808 is an unknown value


Registers:
RAX=0x0000000000000001, RBX=0x00000000c27740f0, RCX=0x00000000c39bafb8, RDX=0x00000000c39bafb8
RSP=0x0000000060f9f2f8, RBP=0x00000000613e1080, RSI=0x00000000613e1080, RDI=0x0000000000000001
R8 =0x00000000c39bafb8, R9 =0x0000000000000ca9, R10=0x00000000c27740f0, R11=0x00000000613e11f0
R12=0x0000000000000000, R13=0x0000000000000040, R14=0x00000000c39bafb8, R15=0xc39bafc81f111808
RIP=0x000007febff18876, EFLAGS=0x0000000000010206

Top of Stack: (sp=0x0000000060f9f2f8)
0x0000000060f9f2f8:   000007fec008909e 00000000c2774001
0x0000000060f9f308:   00000000613e1080 00000000c27740e0
0x0000000060f9f318:   0000000000000190 0000000000000190
0x0000000060f9f328:   0000000000001aa7 00000001c2767330
0x0000000060f9f338:   000007fec0062c2e 00000000613e1080
0x0000000060f9f348:   0000000000000040 00000000004a5700
0x0000000060f9f358:   0000000000000040 0000000000000000
0x0000000060f9f368:   00000000004a5680 00000000004a2c20
0x0000000060f9f378:   000007fec00879e3 00000000613e1080
0x0000000060f9f388:   00000000004a5700 0000000000000015
0x0000000060f9f398:   00000000c27740f0 00000031f924f511
0x0000000060f9f3a8:   00000000c27740f1 0000000000000001
0x0000000060f9f3b8:   000007fec00894f9 00000000610fd201
0x0000000060f9f3c8:   00000000613e1080 00000000004a2c20
0x0000000060f9f3d8:   00000000613ea260 00000000610fd2a8
0x0000000060f9f3e8:   00000000607c2490 0000000000000000 

Instructions: (pc=0x000007febff18876)
0x000007febff18856:   00 48 8b 51 08 48 8b c8 e9 0d 00 00 00 cc cc cc
0x000007febff18866:   cc cc cc cc cc cc cc cc cc cc 4c 8b ca 48 8b d1
0x000007febff18876:   45 8b 41 08 45 85 c0 7e 0e 41 f6 c0 01 75 56 41
0x000007febff18886:   c1 f8 03 41 8b c0 c3 79 4c 80 3d fb 45 8a 00 00 


Stack slot to memory mapping:
stack at sp + 0 slots: 0x000007fec008909e jvm.dll
stack at sp + 1 slots: 0x00000000c2774001 is pointing into object: java.util.concurrent.ConcurrentHashMap$Node 
{0x00000000c2774000} - klass: 'java/util/concurrent/ConcurrentHashMap$Node'
stack at sp + 2 slots: 0x00000000613e1080 points into unknown readable memory: 48 4c 5e c0 fe 07 00 00
stack at sp + 3 slots: 0x00000000c27740e0 is an oop: sun.util.locale.BaseLocale 
{0x00000000c27740e0} - klass: 'sun/util/locale/BaseLocale'
stack at sp + 4 slots: 0x0000000000000190 is an unknown value
stack at sp + 5 slots: 0x0000000000000190 is an unknown value
stack at sp + 6 slots: 0x0000000000001aa7 is an unknown value
stack at sp + 7 slots: 0x00000001c2767330 is an unknown value


---------------  P R O C E S S  ---------------

Threads class SMR info:
_java_thread_list=0x000000006077e040, length=9, elements={
0x000000000048c800, 0x000000005fa10800, 0x000000005fa0c800, 0x000000005fa1e000,
0x000000005fa24000, 0x000000005fa26000, 0x000000005fa2a800, 0x000000006077f000,
0x00000000607c6800
}

Java Threads: ( => current thread )
  0x000000000048c800 JavaThread "main" [_thread_blocked, id=4848, stack(0x0000000002170000,0x0000000002270000)]
  0x000000005fa10800 JavaThread "Reference Handler" daemon [_thread_blocked, id=7424, stack(0x000000005fe20000,0x000000005ff20000)]
  0x000000005fa0c800 JavaThread "Finalizer" daemon [_thread_blocked, id=7612, stack(0x000000005ff90000,0x0000000060090000)]
  0x000000005fa1e000 JavaThread "Signal Dispatcher" daemon [_thread_blocked, id=6288, stack(0x0000000060200000,0x0000000060300000)]
  0x000000005fa24000 JavaThread "Attach Listener" daemon [_thread_blocked, id=3328, stack(0x0000000060340000,0x0000000060440000)]
  0x000000005fa26000 JavaThread "C1 CompilerThread0" daemon [_thread_blocked, id=5816, stack(0x0000000060500000,0x0000000060600000)]
  0x000000005fa2a800 JavaThread "Sweeper thread" daemon [_thread_blocked, id=2276, stack(0x0000000060640000,0x0000000060740000)]
  0x000000006077f000 JavaThread "Service Thread" daemon [_thread_blocked, id=7184, stack(0x0000000060c00000,0x0000000060d00000)]
  0x00000000607c6800 JavaThread "Common-Cleaner" daemon [_thread_blocked, id=8644, stack(0x0000000060090000,0x0000000060190000)]

Other Threads:
  0x000000005f9ff000 VMThread "VM Thread" [stack: 0x000000005fc80000,0x000000005fd80000] [id=4684]
  0x00000000607c0800 WatcherThread [stack: 0x0000000060d20000,0x0000000060e20000] [id=8264]
  0x00000000004a4800 GCTaskThread "GC Thread#0" [stack: 0x0000000019dc0000,0x0000000019ec0000] [id=6292]
=>0x0000000061470000 GCTaskThread "GC Thread#1" [stack: 0x0000000060ea0000,0x0000000060fa0000] [id=7464]
  0x00000000004c2800 ConcurrentGCThread "G1 Main Marker" [stack: 0x000000001c6c0000,0x000000001c7c0000] [id=4768]
  0x00000000004c4000 ConcurrentGCThread "G1 Conc#0" [stack: 0x000000001c8a0000,0x000000001c9a0000] [id=7196]
  0x0000000000509800 ConcurrentGCThread "G1 Refine#0" [stack: 0x000000001f010000,0x000000001f110000] [id=5436]
  0x000000000050c000 ConcurrentGCThread "G1 Young RemSet Sampling" [stack: 0x000000001ef10000,0x000000001f010000] [id=7920]

Threads with active compile tasks:

VM state:at safepoint (normal execution)

VM Mutex/Monitor currently owned by a thread:  ([mutex/lock_event])
[0x0000000000489a40] Threads_lock - owner thread: 0x000000005f9ff000
[0x000000000048a220] Heap_lock - owner thread: 0x000000000048c800

Heap address: 0x00000000c0800000, size: 1016 MB, Compressed Oops mode: 32-bit
Narrow klass base: 0x0000000000000000, Narrow klass shift: 0
Compressed class space size: 1073741824 Address: 0x000000001f110000

Heap:
 garbage-first heap   total 65536K, used 36373K [0x00000000c0800000, 0x0000000100000000)
  region size 1024K, 33 young (33792K), 3 survivors (3072K)
 Metaspace       used 10261K, capacity 10515K, committed 10624K, reserved 1058816K
  class space    used 1016K, capacity 1082K, committed 1152K, reserved 1048576K
Heap Regions: E=young(eden), S=young(survivor), O=old, HS=humongous(starts), HC=humongous(continues), CS=collection set, F=free, A=archive, TAMS=top-at-mark-start (previous, next)
|   0|0x00000000c0800000, 0x00000000c0900000, 0x00000000c0900000|100%|HS|  |TAMS 0x00000000c0800000, 0x00000000c0800000| Complete 
|   1|0x00000000c0900000, 0x00000000c0a00000, 0x00000000c0a00000|100%| O|  |TAMS 0x00000000c0900000, 0x00000000c0900000| Untracked 
|   2|0x00000000c0a00000, 0x00000000c0b00000, 0x00000000c0b00000|100%| O|  |TAMS 0x00000000c0a00000, 0x00000000c0a00000| Untracked 
|   3|0x00000000c0b00000, 0x00000000c0b91a00, 0x00000000c0c00000| 56%| O|  |TAMS 0x00000000c0b00000, 0x00000000c0b00000| Untracked 
|   4|0x00000000c0c00000, 0x00000000c0c00000, 0x00000000c0d00000|  0%| F|  |TAMS 0x00000000c0c00000, 0x00000000c0c00000| Untracked 
|   5|0x00000000c0d00000, 0x00000000c0d00000, 0x00000000c0e00000|  0%| F|  |TAMS 0x00000000c0d00000, 0x00000000c0d00000| Untracked 
|   6|0x00000000c0e00000, 0x00000000c0e00000, 0x00000000c0f00000|  0%| F|  |TAMS 0x00000000c0e00000, 0x00000000c0e00000| Untracked 
|   7|0x00000000c0f00000, 0x00000000c0f00000, 0x00000000c1000000|  0%| F|  |TAMS 0x00000000c0f00000, 0x00000000c0f00000| Untracked 
|   8|0x00000000c1000000, 0x00000000c1000000, 0x00000000c1100000|  0%| F|  |TAMS 0x00000000c1000000, 0x00000000c1000000| Untracked 
|   9|0x00000000c1100000, 0x00000000c1100000, 0x00000000c1200000|  0%| F|  |TAMS 0x00000000c1100000, 0x00000000c1100000| Untracked 
|  10|0x00000000c1200000, 0x00000000c1200000, 0x00000000c1300000|  0%| F|  |TAMS 0x00000000c1200000, 0x00000000c1200000| Untracked 
|  11|0x00000000c1300000, 0x00000000c1300000, 0x00000000c1400000|  0%| F|  |TAMS 0x00000000c1300000, 0x00000000c1300000| Untracked 
|  12|0x00000000c1400000, 0x00000000c1400000, 0x00000000c1500000|  0%| F|  |TAMS 0x00000000c1400000, 0x00000000c1400000| Untracked 
|  13|0x00000000c1500000, 0x00000000c1500000, 0x00000000c1600000|  0%| F|  |TAMS 0x00000000c1500000, 0x00000000c1500000| Untracked 
|  14|0x00000000c1600000, 0x00000000c1600000, 0x00000000c1700000|  0%| F|  |TAMS 0x00000000c1600000, 0x00000000c1600000| Untracked 
|  15|0x00000000c1700000, 0x00000000c1700000, 0x00000000c1800000|  0%| F|  |TAMS 0x00000000c1700000, 0x00000000c1700000| Untracked 
|  16|0x00000000c1800000, 0x00000000c1800000, 0x00000000c1900000|  0%| F|  |TAMS 0x00000000c1800000, 0x00000000c1800000| Untracked 
|  17|0x00000000c1900000, 0x00000000c1900000, 0x00000000c1a00000|  0%| F|  |TAMS 0x00000000c1900000, 0x00000000c1900000| Untracked 
|  18|0x00000000c1a00000, 0x00000000c1a00000, 0x00000000c1b00000|  0%| F|  |TAMS 0x00000000c1a00000, 0x00000000c1a00000| Untracked 
|  19|0x00000000c1b00000, 0x00000000c1b00000, 0x00000000c1c00000|  0%| F|  |TAMS 0x00000000c1b00000, 0x00000000c1b00000| Untracked 
|  20|0x00000000c1c00000, 0x00000000c1c00000, 0x00000000c1d00000|  0%| F|  |TAMS 0x00000000c1c00000, 0x00000000c1c00000| Untracked 
|  21|0x00000000c1d00000, 0x00000000c1d00000, 0x00000000c1e00000|  0%| F|  |TAMS 0x00000000c1d00000, 0x00000000c1d00000| Untracked 
|  22|0x00000000c1e00000, 0x00000000c1e00000, 0x00000000c1f00000|  0%| F|  |TAMS 0x00000000c1e00000, 0x00000000c1e00000| Untracked 
|  23|0x00000000c1f00000, 0x00000000c1f00000, 0x00000000c2000000|  0%| F|  |TAMS 0x00000000c1f00000, 0x00000000c1f00000| Untracked 
|  24|0x00000000c2000000, 0x00000000c2000000, 0x00000000c2100000|  0%| F|  |TAMS 0x00000000c2000000, 0x00000000c2000000| Untracked 
|  25|0x00000000c2100000, 0x00000000c2100000, 0x00000000c2200000|  0%| F|  |TAMS 0x00000000c2100000, 0x00000000c2100000| Untracked 
|  26|0x00000000c2200000, 0x00000000c2200000, 0x00000000c2300000|  0%| F|  |TAMS 0x00000000c2200000, 0x00000000c2200000| Untracked 
|  27|0x00000000c2300000, 0x00000000c2300000, 0x00000000c2400000|  0%| F|  |TAMS 0x00000000c2300000, 0x00000000c2300000| Untracked 
|  28|0x00000000c2400000, 0x00000000c2400000, 0x00000000c2500000|  0%| F|  |TAMS 0x00000000c2400000, 0x00000000c2400000| Untracked 
|  29|0x00000000c2500000, 0x00000000c2551510, 0x00000000c2600000| 31%| S|  |TAMS 0x00000000c2500000, 0x00000000c2500000| Complete 
|  30|0x00000000c2600000, 0x00000000c2700000, 0x00000000c2700000|100%| S|  |TAMS 0x00000000c2600000, 0x00000000c2600000| Complete 
|  31|0x00000000c2700000, 0x00000000c2800000, 0x00000000c2800000|100%| S|  |TAMS 0x00000000c2700000, 0x00000000c2700000| Complete 
|  32|0x00000000c2800000, 0x00000000c2900000, 0x00000000c2900000|100%| E|CS|TAMS 0x00000000c2800000, 0x00000000c2800000| Complete 
|  33|0x00000000c2900000, 0x00000000c2a00000, 0x00000000c2a00000|100%| E|CS|TAMS 0x00000000c2900000, 0x00000000c2900000| Complete 
|  34|0x00000000c2a00000, 0x00000000c2af3a88, 0x00000000c2b00000| 95%| E|CS|TAMS 0x00000000c2a00000, 0x00000000c2a00000| Complete 
|  35|0x00000000c2b00000, 0x00000000c2c00000, 0x00000000c2c00000|100%| E|CS|TAMS 0x00000000c2b00000, 0x00000000c2b00000| Complete 
|  36|0x00000000c2c00000, 0x00000000c2d00000, 0x00000000c2d00000|100%| E|CS|TAMS 0x00000000c2c00000, 0x00000000c2c00000| Complete 
|  37|0x00000000c2d00000, 0x00000000c2e00000, 0x00000000c2e00000|100%| E|CS|TAMS 0x00000000c2d00000, 0x00000000c2d00000| Complete 
|  38|0x00000000c2e00000, 0x00000000c2f00000, 0x00000000c2f00000|100%| E|CS|TAMS 0x00000000c2e00000, 0x00000000c2e00000| Complete 
|  39|0x00000000c2f00000, 0x00000000c3000000, 0x00000000c3000000|100%| E|CS|TAMS 0x00000000c2f00000, 0x00000000c2f00000| Complete 
|  40|0x00000000c3000000, 0x00000000c3100000, 0x00000000c3100000|100%| E|CS|TAMS 0x00000000c3000000, 0x00000000c3000000| Complete 
|  41|0x00000000c3100000, 0x00000000c3200000, 0x00000000c3200000|100%| E|CS|TAMS 0x00000000c3100000, 0x00000000c3100000| Complete 
|  42|0x00000000c3200000, 0x00000000c3300000, 0x00000000c3300000|100%| E|CS|TAMS 0x00000000c3200000, 0x00000000c3200000| Complete 
|  43|0x00000000c3300000, 0x00000000c3400000, 0x00000000c3400000|100%| E|CS|TAMS 0x00000000c3300000, 0x00000000c3300000| Complete 
|  44|0x00000000c3400000, 0x00000000c3500000, 0x00000000c3500000|100%| E|CS|TAMS 0x00000000c3400000, 0x00000000c3400000| Complete 
|  45|0x00000000c3500000, 0x00000000c3600000, 0x00000000c3600000|100%| E|CS|TAMS 0x00000000c3500000, 0x00000000c3500000| Complete 
|  46|0x00000000c3600000, 0x00000000c3700000, 0x00000000c3700000|100%| E|CS|TAMS 0x00000000c3600000, 0x00000000c3600000| Complete 
|  47|0x00000000c3700000, 0x00000000c3800000, 0x00000000c3800000|100%| E|CS|TAMS 0x00000000c3700000, 0x00000000c3700000| Complete 
|  48|0x00000000c3800000, 0x00000000c3900000, 0x00000000c3900000|100%| E|CS|TAMS 0x00000000c3800000, 0x00000000c3800000| Complete 
|  49|0x00000000c3900000, 0x00000000c3a00000, 0x00000000c3a00000|100%| E|CS|TAMS 0x00000000c3900000, 0x00000000c3900000| Complete 
|  50|0x00000000c3a00000, 0x00000000c3b00000, 0x00000000c3b00000|100%| E|CS|TAMS 0x00000000c3a00000, 0x00000000c3a00000| Complete 
|  51|0x00000000c3b00000, 0x00000000c3c00000, 0x00000000c3c00000|100%| E|CS|TAMS 0x00000000c3b00000, 0x00000000c3b00000| Complete 
|  52|0x00000000c3c00000, 0x00000000c3d00000, 0x00000000c3d00000|100%| E|CS|TAMS 0x00000000c3c00000, 0x00000000c3c00000| Complete 
|  53|0x00000000c3d00000, 0x00000000c3e00000, 0x00000000c3e00000|100%| E|CS|TAMS 0x00000000c3d00000, 0x00000000c3d00000| Complete 
|  54|0x00000000c3e00000, 0x00000000c3f00000, 0x00000000c3f00000|100%| E|CS|TAMS 0x00000000c3e00000, 0x00000000c3e00000| Complete 
|  55|0x00000000c3f00000, 0x00000000c4000000, 0x00000000c4000000|100%| E|CS|TAMS 0x00000000c3f00000, 0x00000000c3f00000| Complete 
|  56|0x00000000c4000000, 0x00000000c4100000, 0x00000000c4100000|100%| E|CS|TAMS 0x00000000c4000000, 0x00000000c4000000| Complete 
|  57|0x00000000c4100000, 0x00000000c4200000, 0x00000000c4200000|100%| E|CS|TAMS 0x00000000c4100000, 0x00000000c4100000| Complete 
|  58|0x00000000c4200000, 0x00000000c4300000, 0x00000000c4300000|100%| E|CS|TAMS 0x00000000c4200000, 0x00000000c4200000| Complete 
|  59|0x00000000c4300000, 0x00000000c4400000, 0x00000000c4400000|100%| E|CS|TAMS 0x00000000c4300000, 0x00000000c4300000| Complete 
|  60|0x00000000c4400000, 0x00000000c4500000, 0x00000000c4500000|100%| E|CS|TAMS 0x00000000c4400000, 0x00000000c4400000| Complete 
|  61|0x00000000c4500000, 0x00000000c4600000, 0x00000000c4600000|100%| E|CS|TAMS 0x00000000c4500000, 0x00000000c4500000| Complete 
|  62|0x00000000c4600000, 0x00000000c4700000, 0x00000000c4700000|100%| E|CS|TAMS 0x00000000c4600000, 0x00000000c4600000| Complete 
|  63|0x00000000c4700000, 0x00000000c4800000, 0x00000000c4800000|100%| E|CS|TAMS 0x00000000c4700000, 0x00000000c4700000| Complete 

Card table byte_map: [0x000000001a2e0000,0x000000001a4e0000] _byte_map_base: 0x0000000019cdc000

Marking Bits (Prev, Next): (CMBitMap*) 0x00000000004bc8b8, (CMBitMap*) 0x00000000004bc8f0
 Prev Bits: [0x000000001a6e0000, 0x000000001b6c0000)
 Next Bits: [0x000000001b6c0000, 0x000000001c6a0000)

Polling page: 0x0000000000230000

Metaspace:

Usage:
  Non-class:      9.21 MB capacity,     9.03 MB ( 98%) used,   174.09 KB (  2%) free+waste,    13.38 KB ( <1%) overhead. 
      Class:      1.06 MB capacity,  1016.45 KB ( 94%) used,    59.24 KB (  5%) free+waste,     6.31 KB ( <1%) overhead. 
       Both:     10.27 MB capacity,    10.02 MB ( 98%) used,   233.34 KB (  2%) free+waste,    19.69 KB ( <1%) overhead. 

Virtual space:
  Non-class space:       10.00 MB reserved,       9.25 MB ( 93%) committed 
      Class space:        1.00 GB reserved,       1.13 MB ( <1%) committed 
             Both:        1.01 GB reserved,      10.38 MB (  1%) committed 

Chunk freelists:
   Non-Class:  4.88 KB
       Class:  768 bytes
        Both:  5.63 KB

CodeHeap 'non-profiled nmethods': size=238912Kb used=1121Kb max_used=1121Kb free=237790Kb
 bounds [0x000000000b180000, 0x000000000b3f0000, 0x0000000019ad0000]
CodeHeap 'non-nmethods': size=6848Kb used=1057Kb max_used=1057Kb free=5790Kb
 bounds [0x000000000aad0000, 0x000000000ad40000, 0x000000000b180000]
 total_blobs=1142 nmethods=795 adapters=274
 compilation: enabled
              stopped_count=0, restarted_count=0
 full_count=0

Compilation events (10 events):
Event: 0.444 Thread 0x000000005fa26000  791       1       java.util.zip.ZipEntry::<init> (79 bytes)
Event: 0.444 Thread 0x000000005fa26000 nmethod 791 0x000000000b295090 code [0x000000000b295260, 0x000000000b295558]
Event: 0.444 Thread 0x000000005fa26000  792       1       java.util.jar.JarFile$1::apply (9 bytes)
Event: 0.444 Thread 0x000000005fa26000 nmethod 792 0x000000000b295710 code [0x000000000b2958c0, 0x000000000b295b08]
Event: 0.444 Thread 0x000000005fa26000  793       1       java.util.jar.JarFile$1::apply (13 bytes)
Event: 0.444 Thread 0x000000005fa26000 nmethod 793 0x000000000b295c10 code [0x000000000b295dc0, 0x000000000b295fc8]
Event: 0.445 Thread 0x000000005fa26000  794       1       sun.nio.fs.WindowsPathParser::normalize (233 bytes)
Event: 0.446 Thread 0x000000005fa26000 nmethod 794 0x000000000b296090 code [0x000000000b296420, 0x000000000b297488]
Event: 0.446 Thread 0x000000005fa26000  795       1       java.net.URI$Parser::scan (41 bytes)
Event: 0.447 Thread 0x000000005fa26000 nmethod 795 0x000000000b297f10 code [0x000000000b2980e0, 0x000000000b2983b8]

GC Heap History (3 events):
Event: 0.379 GC heap before
{Heap before GC invocations=0 (full 0):
 garbage-first heap   total 65536K, used 15360K [0x00000000c0800000, 0x0000000100000000)
  region size 1024K, 14 young (14336K), 0 survivors (0K)
 Metaspace       used 9389K, capacity 9541K, committed 9728K, reserved 1058816K
  class space    used 900K, capacity 947K, committed 1024K, reserved 1048576K
}
Event: 0.384 GC heap after
{Heap after GC invocations=1 (full 0):
 garbage-first heap   total 65536K, used 5702K [0x00000000c0800000, 0x0000000100000000)
  region size 1024K, 2 young (2048K), 2 survivors (2048K)
 Metaspace       used 9389K, capacity 9541K, committed 9728K, reserved 1058816K
  class space    used 900K, capacity 947K, committed 1024K, reserved 1048576K
}
Event: 0.456 GC heap before
{Heap before GC invocations=1 (full 0):
 garbage-first heap   total 65536K, used 35398K [0x00000000c0800000, 0x0000000100000000)
  region size 1024K, 32 young (32768K), 2 survivors (2048K)
 Metaspace       used 10261K, capacity 10515K, committed 10624K, reserved 1058816K
  class space    used 1016K, capacity 1082K, committed 1152K, reserved 1048576K
}

Deoptimization events (0 events):
No events

Classes redefined (0 events):
No events

Internal exceptions (9 events):
Event: 0.217 Thread 0x000000000048c800 Exception <a 'java/lang/ClassNotFoundException'{0x00000000c416a6d8}: javax/smartcardio/CardPermission> (0x00000000c416a6d8) thrown at [./open/src/hotspot/share/classfile/systemDictionary.cpp, line 228]
Event: 0.219 Thread 0x000000000048c800 Exception <a 'java/io/FileNotFoundException'{0x00000000c4178b98}> (0x00000000c4178b98) thrown at [./open/src/hotspot/share/prims/jni.cpp, line 611]
Event: 0.329 Thread 0x000000000048c800 Exception <a 'java/lang/NoSuchMethodError'{0x00000000c3dfbc90}: java.lang.invoke.DirectMethodHandle$Holder.invokeSpecialIFC(Ljava/lang/Object;Ljava/lang/Object;Ljava/lang/Object;Ljava/lang/Object;)Ljava/lang/Object;> (0x00000000c3dfbc90) thrown at [./open
Event: 0.337 Thread 0x000000000048c800 Exception <a 'java/lang/NoSuchMethodError'{0x00000000c3c52ea0}: java.lang.invoke.DirectMethodHandle$Holder.invokeVirtual(Ljava/lang/Object;Ljava/lang/Object;Ljava/lang/Object;)I> (0x00000000c3c52ea0) thrown at [./open/src/hotspot/share/interpreter/linkRes
Event: 0.344 Thread 0x000000000048c800 Exception <a 'java/lang/NoSuchMethodError'{0x00000000c3ccfa98}: java.lang.invoke.DirectMethodHandle$Holder.invokeStaticInit(Ljava/lang/Object;Ljava/lang/Object;)I> (0x00000000c3ccfa98) thrown at [./open/src/hotspot/share/interpreter/linkResolver.cpp, line
Event: 0.389 Thread 0x000000000048c800 Exception <a 'java/lang/NoSuchMethodError'{0x00000000c4732978}: java.lang.invoke.DirectMethodHandle$Holder.invokeStaticInit(Ljava/lang/Object;Ljava/lang/Object;Ljava/lang/Object;)I> (0x00000000c4732978) thrown at [./open/src/hotspot/share/interpreter/link
Event: 0.393 Thread 0x000000000048c800 Exception <a 'java/lang/NoSuchMethodError'{0x00000000c4765a08}: java.lang.invoke.DirectMethodHandle$Holder.invokeVirtual(Ljava/lang/Object;Ljava/lang/Object;Ljava/lang/Object;)Ljava/lang/Object;> (0x00000000c4765a08) thrown at [./open/src/hotspot/share/in
Event: 0.397 Thread 0x000000000048c800 Exception <a 'java/lang/NoSuchMethodError'{0x00000000c47fc268}: java.lang.invoke.DirectMethodHandle$Holder.invokeSpecial(Ljava/lang/Object;Ljava/lang/Object;)V> (0x00000000c47fc268) thrown at [./open/src/hotspot/share/interpreter/linkResolver.cpp, line 77
Event: 0.424 Thread 0x000000000048c800 Exception <a 'java/lang/NoSuchMethodError'{0x00000000c4598738}: java.lang.invoke.DirectMethodHandle$Holder.invokeStaticInit(Ljava/lang/Object;Ljava/lang/Object;Ljava/lang/Object;)Ljava/lang/Object;> (0x00000000c4598738) thrown at [./open/src/hotspot/share

Events (10 events):
Event: 0.430 loading class java/util/stream/Node$Builder
Event: 0.430 loading class java/util/stream/Node$Builder done
Event: 0.430 loading class java/util/stream/Nodes$ArrayNode
Event: 0.430 loading class java/util/stream/Nodes$ArrayNode done
Event: 0.430 loading class java/util/stream/Nodes$FixedNodeBuilder done
Event: 0.435 loading class java/util/jar/JarVerifier
Event: 0.435 loading class java/util/jar/JarVerifier done
Event: 0.435 loading class java/security/CodeSigner
Event: 0.435 loading class java/security/CodeSigner done
Event: 0.455 Executing VM operation: G1CollectForAllocation


Dynamic libraries:
0x000000013f840000 - 0x000000013f84f000 	C:\Program Files\Java\jdk-11.0.11\bin\java.exe
0x00000000770c0000 - 0x0000000077269000 	C:\Windows\SYSTEM32\ntdll.dll
0x0000000076fa0000 - 0x00000000770bf000 	C:\Windows\system32\kernel32.dll
0x000007fefd030000 - 0x000007fefd09c000 	C:\Windows\system32\KERNELBASE.dll
0x000007fef3ea0000 - 0x000007fef3eb8000 	C:\Program Files\Java\jdk-11.0.11\bin\jli.dll
0x000007fefece0000 - 0x000007fefedbb000 	C:\Windows\system32\ADVAPI32.dll
0x000007fefd290000 - 0x000007fefd32f000 	C:\Windows\system32\msvcrt.dll
0x000007fefedc0000 - 0x000007fefeddf000 	C:\Windows\SYSTEM32\sechost.dll
0x000007fefd360000 - 0x000007fefd48d000 	C:\Windows\system32\RPCRT4.dll
0x000007fefb740000 - 0x000007fefb934000 	C:\Windows\WinSxS\amd64_microsoft.windows.common-controls_6595b64144ccf1df_6.0.7601.17514_none_fa396087175ac9ac\COMCTL32.dll
0x000007feff020000 - 0x000007feff087000 	C:\Windows\system32\GDI32.dll
0x0000000076ea0000 - 0x0000000076f9a000 	C:\Windows\system32\USER32.dll
0x000007fefdc00000 - 0x000007fefdc0e000 	C:\Windows\system32\LPK.dll
0x000007fefd8b0000 - 0x000007fefd979000 	C:\Windows\system32\USP10.dll
0x000007fefe9a0000 - 0x000007fefea11000 	C:\Windows\system32\SHLWAPI.dll
0x000007fefbfa0000 - 0x000007fefbfac000 	C:\Windows\system32\VERSION.dll
0x000007fef46a0000 - 0x000007fef46b5000 	C:\Program Files\Java\jdk-11.0.11\bin\VCRUNTIME140.dll
0x000007fef43d0000 - 0x000007fef43d4000 	C:\Program Files\Java\jdk-11.0.11\bin\api-ms-win-crt-runtime-l1-1-0.dll
0x000007fec0890000 - 0x000007fec098a000 	C:\Program Files\Java\jdk-11.0.11\bin\ucrtbase.DLL
0x000007fef4690000 - 0x000007fef4693000 	C:\Program Files\Java\jdk-11.0.11\bin\api-ms-win-core-localization-l1-2-0.dll
0x000007fef3e70000 - 0x000007fef3e73000 	C:\Program Files\Java\jdk-11.0.11\bin\api-ms-win-core-processthreads-l1-1-1.dll
0x000007fef3e80000 - 0x000007fef3e83000 	C:\Program Files\Java\jdk-11.0.11\bin\api-ms-win-core-file-l1-2-0.dll
0x000007feef8d0000 - 0x000007feef8d3000 	C:\Program Files\Java\jdk-11.0.11\bin\api-ms-win-core-timezone-l1-1-0.dll
0x000007feefae0000 - 0x000007feefae3000 	C:\Program Files\Java\jdk-11.0.11\bin\api-ms-win-core-file-l2-1-0.dll
0x000007feef8b0000 - 0x000007feef8b3000 	C:\Program Files\Java\jdk-11.0.11\bin\api-ms-win-core-synch-l1-2-0.dll
0x000007feef8c0000 - 0x000007feef8c3000 	C:\Program Files\Java\jdk-11.0.11\bin\api-ms-win-crt-heap-l1-1-0.dll
0x000007feef840000 - 0x000007feef844000 	C:\Program Files\Java\jdk-11.0.11\bin\api-ms-win-crt-string-l1-1-0.dll
0x000007feef860000 - 0x000007feef864000 	C:\Program Files\Java\jdk-11.0.11\bin\api-ms-win-crt-stdio-l1-1-0.dll
0x000007feef800000 - 0x000007feef804000 	C:\Program Files\Java\jdk-11.0.11\bin\api-ms-win-crt-convert-l1-1-0.dll
0x000007feef810000 - 0x000007feef813000 	C:\Program Files\Java\jdk-11.0.11\bin\api-ms-win-crt-environment-l1-1-0.dll
0x000007feef4b0000 - 0x000007feef4b3000 	C:\Program Files\Java\jdk-11.0.11\bin\api-ms-win-crt-filesystem-l1-1-0.dll
0x000007feef4c0000 - 0x000007feef4c5000 	C:\Program Files\Java\jdk-11.0.11\bin\api-ms-win-crt-math-l1-1-0.dll
0x000007feef490000 - 0x000007feef493000 	C:\Program Files\Java\jdk-11.0.11\bin\api-ms-win-crt-locale-l1-1-0.dll
0x000007fefdbd0000 - 0x000007fefdbfe000 	C:\Windows\system32\IMM32.DLL
0x000007fefdac0000 - 0x000007fefdbc9000 	C:\Windows\system32\MSCTF.dll
0x000007fec09f0000 - 0x000007fec0a8b000 	C:\Program Files\Java\jdk-11.0.11\bin\msvcp140.dll
0x000007feef4a0000 - 0x000007feef4a3000 	C:\Program Files\Java\jdk-11.0.11\bin\api-ms-win-crt-time-l1-1-0.dll
0x000007feef440000 - 0x000007feef443000 	C:\Program Files\Java\jdk-11.0.11\bin\api-ms-win-crt-utility-l1-1-0.dll
0x000007febfd90000 - 0x000007fec088e000 	C:\Program Files\Java\jdk-11.0.11\bin\server\jvm.dll
0x000007fef99f0000 - 0x000007fef99f9000 	C:\Windows\system32\WSOCK32.dll
0x000007feff380000 - 0x000007feff3cd000 	C:\Windows\system32\WS2_32.dll
0x000007fefd330000 - 0x000007fefd338000 	C:\Windows\system32\NSI.dll
0x000007fef9be0000 - 0x000007fef9c1b000 	C:\Windows\system32\WINMM.dll
0x0000000077280000 - 0x0000000077287000 	C:\Windows\system32\PSAPI.DLL
0x000007feef450000 - 0x000007feef460000 	C:\Program Files\Java\jdk-11.0.11\bin\verify.dll
0x000007fefbc90000 - 0x000007fefbdb5000 	C:\Windows\system32\DBGHELP.DLL
0x000007feeb0a0000 - 0x000007feeb0c8000 	C:\Program Files\Java\jdk-11.0.11\bin\java.dll
0x000007feeef40000 - 0x000007feeef4a000 	C:\Program Files\Java\jdk-11.0.11\bin\jimage.dll
0x000007feeee90000 - 0x000007feeeea6000 	C:\Program Files\Java\jdk-11.0.11\bin\zip.dll
0x000007fefdc10000 - 0x000007fefe998000 	C:\Windows\system32\SHELL32.dll
0x000007feff170000 - 0x000007feff373000 	C:\Windows\system32\ole32.dll
0x000007fefced0000 - 0x000007fefcedf000 	C:\Windows\system32\profapi.dll
0x000007feee790000 - 0x000007feee7a9000 	C:\Program Files\Java\jdk-11.0.11\bin\net.dll
0x000007fef76b0000 - 0x000007fef7721000 	C:\Windows\system32\WINHTTP.dll
0x000007fef7640000 - 0x000007fef76a4000 	C:\Windows\system32\webio.dll
0x000007fefc670000 - 0x000007fefc6c5000 	C:\Windows\system32\mswsock.dll
0x000007fefc660000 - 0x000007fefc667000 	C:\Windows\System32\wship6.dll
0x000007feeb900000 - 0x000007feeb912000 	C:\Program Files\Java\jdk-11.0.11\bin\nio.dll
0x000007feee780000 - 0x000007feee789000 	C:\Program Files\Java\jdk-11.0.11\bin\management.dll
0x000007feeb140000 - 0x000007feeb14b000 	C:\Program Files\Java\jdk-11.0.11\bin\management_ext.dll

dbghelp: loaded successfully - version: 4.0.5 - missing functions: none
symbol engine: initialized successfully - sym options: 0x614 - pdb path: .;C:\Program Files\Java\jdk-11.0.11\bin;C:\Windows\SYSTEM32;C:\Windows\WinSxS\amd64_microsoft.windows.common-controls_6595b64144ccf1df_6.0.7601.17514_none_fa396087175ac9ac;C:\Program Files\Java\jdk-11.0.11\bin\server

VM Arguments:
jvm_args: -Xverify:none -XX:TieredStopAtLevel=1 
java_command: com.api.ApiApplication
java_class_path (initial): C:\Users\User\Documents\Douglas\Projetos\SpringBoot\api\target\classes;C:\Users\User\.m2\repository\ch\qos\logback\logback-classic\1.2.5\logback-classic-1.2.5.jar;C:\Users\User\.m2\repository\ch\qos\logback\logback-core\1.2.5\logback-core-1.2.5.jar;C:\Users\User\.m2\repository\org\apache\logging\log4j\log4j-to-slf4j\2.14.1\log4j-to-slf4j-2.14.1.jar;C:\Users\User\.m2\repository\org\apache\logging\log4j\log4j-api\2.14.1\log4j-api-2.14.1.jar;C:\Users\User\.m2\repository\org\slf4j\jul-to-slf4j\1.7.32\jul-to-slf4j-1.7.32.jar;C:\Users\User\.m2\repository\jakarta\annotation\jakarta.annotation-api\1.3.5\jakarta.annotation-api-1.3.5.jar;C:\Users\User\.m2\repository\org\yaml\snakeyaml\1.28\snakeyaml-1.28.jar;C:\Users\User\.m2\repository\com\fasterxml\jackson\core\jackson-databind\2.12.4\jackson-databind-2.12.4.jar;C:\Users\User\.m2\repository\com\fasterxml\jackson\core\jackson-annotations\2.12.4\jackson-annotations-2.12.4.jar;C:\Users\User\.m2\repository\com\fasterxml\jackson\core\jackson-core\2.12.4\jackson-core-2.12.4.jar;C:\Users\User\.m2\repository\com\fasterxml\jackson\datatype\jackson-datatype-jdk8\2.12.4\jackson-datatype-jdk8-2.12.4.jar;C:\Users\User\.m2\repository\com\fasterxml\jackson\datatype\jackson-datatype-jsr310\2.12.4\jackson-datatype-jsr310-2.12.4.jar;C:\Users\User\.m2\repository\com\fasterxml\jackson\module\jackson-module-parameter-names\2.12.4\jackson-module-parameter-names-2.12.4.jar;C:\Users\User\.m2\repository\org\apache\tomcat\embed\tomcat-embed-core\9.0.52\tomcat-embed-core-9.0.52.jar;C:\Users\User\.m2\repository\org\apache\tomcat\embed\tomcat-embed-el\9.0.52\tomcat-embed-el-9.0.52.jar;C:\Users\User\.m2\repository\org\apache\tomcat\embed\tomcat-embed-websocket\9.0.52\tomcat-embed-websocket-9.0.52.jar;C:\Users\User\.m2\repository\org\springframework\spring-web\5.3.9\spring-web-5.3.9.jar;C:\Users\User\.m2\repository\org\springframework\spring-beans\5.3.9\spring-beans-5.3.9.jar;C:\Users\User\.m2\repository\org\springframework\s
Launcher Type: SUN_STANDARD

[Global flags]
     bool BytecodeVerificationLocal                = false                                     {product} {command line}
     bool BytecodeVerificationRemote               = false                                     {product} {command line}
     intx CICompilerCount                          = 3                                         {product} {ergonomic}
     uint ConcGCThreads                            = 1                                         {product} {ergonomic}
     uint G1ConcRefinementThreads                  = 4                                         {product} {ergonomic}
   size_t G1HeapRegionSize                         = 1048576                                   {product} {ergonomic}
    uintx GCDrainStackTargetSize                   = 64                                        {product} {ergonomic}
   size_t InitialHeapSize                          = 67108864                                  {product} {ergonomic}
   size_t MarkStackSize                            = 4194304                                   {product} {ergonomic}
   size_t MaxHeapSize                              = 1065353216                                {product} {ergonomic}
   size_t MaxNewSize                               = 638582784                                 {product} {ergonomic}
   size_t MinHeapDeltaBytes                        = 1048576                                   {product} {ergonomic}
    uintx NonNMethodCodeHeapSize                   = 6973028                                {pd product} {ergonomic}
    uintx NonProfiledCodeHeapSize                  = 244685212                              {pd product} {ergonomic}
    uintx ProfiledCodeHeapSize                     = 0                                      {pd product} {ergonomic}
    uintx ReservedCodeCacheSize                    = 251658240                              {pd product} {ergonomic}
     bool SegmentedCodeCache                       = true                                      {product} {ergonomic}
     intx TieredStopAtLevel                        = 1                                         {product} {command line}
     bool UseCompressedClassPointers               = true                                 {lp64_product} {ergonomic}
     bool UseCompressedOops                        = true                                 {lp64_product} {ergonomic}
     bool UseG1GC                                  = true                                      {product} {ergonomic}
     bool UseLargePagesIndividualAllocation        = false                                  {pd product} {ergonomic}

Logging:
Log output configuration:
 #0: stdout all=warning uptime,level,tags
 #1: stderr all=off uptime,level,tags

Environment Variables:
JAVA_HOME=C:\Program Files\Java\jdk-11.0.11
PATH=C:\Program Files\Common Files\Oracle\Java\javapath;C:\Program Files\AdoptOpenJDK\jdk-11.0.11.9-hotspot\bin;C:\Program Files (x86)\NVIDIA Corporation\PhysX\Common;C:\ProgramData\Oracle\Java\javapath;C:\Windows\Microsoft.NET\Framework\v1.1.4322\;X:\Program Files (x86)\Borland\BDS\4.0\Bin;C:\Program Files (x86)\Intel\iCLS Client\;C:\Program Files\Intel\iCLS Client\;C:\Windows\system32;C:\Windows;C:\Windows\System32\Wbem;C:\Windows\System32\WindowsPowerShell\v1.0\;C:\Program Files (x86)\Intel\OpenCL SDK\2.0\bin\x86;C:\Program Files (x86)\Intel\OpenCL SDK\2.0\bin\x64;C:\Program Files\Intel\Intel(R) Management Engine Components\DAL;C:\Program Files\Intel\Intel(R) Management Engine Components\IPT;C:\Program Files (x86)\Intel\Intel(R) Management Engine Components\DAL;C:\Program Files (x86)\Intel\Intel(R) Management Engine Components\IPT;C:\Program Files (x86)\Borland\CaliberRM SDK 2005 R2\lib;X:\Program Files\TortoiseSVN\bin;C:\Program Files\Microsoft SQL Server\130\Tools\Binn\;C:\Program Files\Microsoft SQL Server\Client SDK\ODBC\170\Tools\Binn\;C:\Program Files (x86)\WinSCP\;C:\Program Files\dotnet\;C:\Program Files\nodejs\;C:\Program Files (x86)\Microsoft SQL Server\Client SDK\ODBC\110\Tools\Binn\;C:\Program Files (x86)\Microsoft SQL Server\120\Tools\Binn\;C:\Program Files (x86)\Microsoft SQL Server\120\DTS\Binn\;C:\Program Files (x86)\Microsoft SQL Server\120\Tools\Binn\ManagementStudio\;C:\Windows\System32\WindowsPowerShell\v1.0\;C:\ProgramData\chocolatey\bin;C:\Program Files\OpenJDK\openjdk-8u282-b08\bin;C:\Users\User\AppData\Local\Android\Sdk\platform-tools;C:\Program Files\AdoptOpenJDK\jdk-11.0.11.9-hotspot\bin;C:\Program Files\SafeNet\Authentication\SAC\x64;C:\Program Files\SafeNet\Authentication\SAC\x32;C:\Program Files\Java\jdk-11.0.11\bin;C:\Program Files\apache-maven-3.8.2\\bin;C:\Users\User\Documents\Borland Studio Projects\Bpl;X:\Bpl;C:\Program Files (x86)\Firebird\Firebird_2_1\bin;C:\Users\User\AppData\Local\Programs\Microsoft VS Code\bin;C:\Users\User\.do
USERNAME=User
OS=Windows_NT
PROCESSOR_IDENTIFIER=Intel64 Family 6 Model 58 Stepping 9, GenuineIntel



---------------  S Y S T E M  ---------------

OS: Windows 7 , 64 bit Build 7601 (6.1.7601.18409)

CPU:total 4 (initial active 4) (4 cores per cpu, 1 threads per core) family 6 model 58 stepping 9 microcode 0x0, cmov, cx8, fxsr, mmx, sse, sse2, sse3, ssse3, sse4.1, sse4.2, popcnt, avx, aes, clmul, erms, tsc, tscinvbit, tscinv

Memory: 4k page, system-wide physical 4059M (690M free)
TotalPageFile size 10663M (AvailPageFile size 3897M)
current process WorkingSet (physical memory assigned to process): 76M, peak: 76M
current process commit charge ("private bytes"): 145M, peak: 145M

vm_info: Java HotSpot(TM) 64-Bit Server VM (11.0.11+9-LTS-194) for windows-amd64 JRE (11.0.11+9-LTS-194), built on Mar 18 2021 18:46:53 by "mach5one" with MS VC++ 15.9 (VS2017)

END.
